Start testing: Mar 06 18:11 MSK
----------------------------------------------------------
1/12 Testing: Test1
1/12 Test: Test1
Command: "/Users/drewsemakov/PathPlanningProject/Build/Debug/Tests/testbench" "../../../TestData/0_test.xml"
Directory: /Users/drewsemakov/PathPlanningProject/Build/Debug/Tests
"Test1" start time: Mar 06 18:11 MSK
Output:
----------------------------------------------------------
tiny
Warning! Value of 'logpath' tag is missing!
Value of 'logpath' tag was defined to 'current directory'.
Warning! Value of 'logfilename' tag is missing.
Value of 'logfilename' tag was defined to default (original filename +'_log' + original file extension.
249 163
249 164
249 165
249 166
250 166
251 166
252 166
253 166
254 166
254 165
254 164
254 163
254 162
254 161
254 160
254 159
254 158
254 157
254 156
254 155
254 154
254 153
254 152
254 151
254 150
254 149
255 149
256 149
257 149
258 149
259 149
260 149
261 149
261 150
261 151
261 152
261 153
261 154
260 154
259 154
259 155
259 156
259 157
259 158
259 159
260 159
261 159
261 160
261 161
261 162
261 163
261 164
261 165
261 166
262 166
263 166
264 166
265 166
266 166
267 166
268 166
269 166
269 165
269 164
270 164
271 164
272 164
273 164
274 164
275 164
276 164
276 165
276 166
276 167
276 168
276 169
276 170
276 171
276 172
276 173
276 174
275 174
274 174
274 175
274 176
274 177
274 178
274 179
275 179
276 179
277 179
278 179
279 179
280 179
281 179
281 180
281 181
281 182
281 183
281 184
281 185
281 186
281 187
281 188
281 189
282 189
283 189
284 189
285 189
286 189
286 190
286 191
286 192
286 193
286 194
287 194
288 194
289 194
290 194
291 194
291 195
291 196
291 197
291 198
291 199
292 199
293 199
294 199
295 199
296 199
296 200
296 201
297 201
298 201
299 201
300 201
301 201
302 201
303 201
304 201
305 201
306 201
307 201
308 201
309 201
310 201
311 201
312 201
313 201
314 201
314 200
314 199
314 198
314 197
314 196
314 195
314 194
314 193
314 192
314 191
314 190
314 189
314 188
314 187
314 186
314 185
314 184
314 183
314 182
314 181
314 180
314 179
315 179
316 179
316 180
316 181
316 182
316 183
316 184
316 185
316 186
317 186
318 186
319 186
320 186
319 186
318 186
317 186
316 186
316 185
316 184
316 183
316 182
316 181
316 180
316 179
315 179
314 179
314 180
314 181
314 182
314 183
314 184
314 185
314 186
314 187
314 188
314 189
314 190
314 191
314 192
314 193
314 194
314 195
314 196
314 197
314 198
314 199
314 200
314 201
314 202
314 203
314 204
313 204
312 204
311 204
310 204
309 204
308 204
307 204
306 204
305 204
304 204
303 204
302 204
301 204
300 204
299 204
299 205
299 206
299 207
299 208
299 209
300 209
301 209
301 210
301 209
300 209
299 209
298 209
297 209
296 209
296 208
296 207
296 206
296 205
296 204
296 203
296 202
296 201
296 200
296 199
295 199
294 199
293 199
292 199
291 199
291 198
291 197
291 196
291 195
291 194
290 194
289 194
288 194
287 194
286 194
286 193
286 192
286 191
286 190
286 189
285 189
284 189
283 189
282 189
281 189
281 188
281 187
281 186
281 185
281 184
281 183
281 182
281 181
281 180
281 179
280 179
279 179
278 179
277 179
276 179
275 179
274 179
273 179
272 179
271 179
271 178
271 177
271 176
271 175
271 174
270 174
269 174
269 175
269 176
268 176
267 176
266 176
265 176
264 176
263 176
262 176
261 176
260 176
259 176
258 176
257 176
256 176
255 176
254 176
253 176
252 176
251 176
250 176
249 176
248 176
247 176
246 176
246 175
246 174
245 174
244 174
243 174
242 174
241 174
240 174
239 174
238 174
237 174
236 174
236 173
236 172
236 171
236 170
236 169
236 168
236 167
236 166
236 165
236 164
235 164
234 164
234 165
234 166
234 167
234 168
234 169
234 170
234 171
234 172
234 173
234 174
234 175
234 176
234 177
234 178
234 179
234 180
234 181
234 182
234 183
234 184
234 185
234 186
234 187
234 188
234 189
234 190
234 191
234 192
234 193
234 194
234 195
233 195
232 195
231 195
231 194
231 193
231 192
231 191
231 190
231 189
231 188
231 187
231 186
231 185
231 184
231 183
231 182
231 181
231 180
231 179
231 178
231 177
231 176
231 175
231 174
231 173
231 172
231 171
231 170
231 169
231 168
231 167
231 166
231 165
231 164
230 164
229 164
228 164
227 164
226 164
226 163
226 162
226 161
226 160
226 159
225 159
224 159
223 159
222 159
221 159
220 159
219 159
218 159
217 159
216 159
215 159
214 159
213 159
212 159
211 159
210 159
209 159
208 159
207 159
206 159
206 158
206 157
206 156
206 155
206 154
206 153
206 152
206 151
206 150
206 149
206 148
206 147
206 146
206 145
206 144
206 143
206 142
206 141
206 140
206 139
206 138
206 137
206 136
206 135
206 134
205 134
204 134
203 134
202 134
201 134
201 133
201 132
201 131
201 130
201 129
200 129
199 129
199 128
199 127
199 126
199 125
199 124
200 124
201 124
202 124
203 124
204 124
204 123
204 122
204 121
204 120
204 119
205 119
206 119
207 119
208 119
209 119
210 119
211 119
212 119
213 119
214 119
215 119
216 119
217 119
218 119
219 119
220 119
221 119
222 119
223 119
224 119
224 118
224 117
224 116
224 115
224 114
224 113
224 112
224 111
224 110
224 109
224 108
224 107
224 106
224 105
224 104
224 103
224 102
224 101
224 100
224 99
225 99
226 99
226 98
226 97
226 96
226 95
226 94
226 93
226 92
226 91
226 90
226 89
226 88
226 87
226 86
226 85
226 84
225 84
224 84
224 85
224 86
224 87
224 88
224 89
223 89
222 89
221 89
220 89
219 89
219 90
219 91
219 92
219 93
219 94
219 95
219 96
219 97
219 98
219 99
219 100
219 101
219 102
219 103
219 104
218 104
217 104
216 104
215 104
214 104
214 105
214 106
214 107
214 108
214 109
213 109
212 109
211 109
210 109
209 109
209 110
209 111
208 111
207 111
206 111
205 111
204 111
203 111
202 111
201 111
201 110
201 109
201 108
201 107
201 106
201 105
201 104
200 104
199 104
198 104
197 104
196 104
196 103
196 102
196 101
196 100
196 99
196 98
196 97
196 96
196 95
196 94
195 94
194 94
193 94
192 94
191 94
190 94
189 94
189 95
189 96
189 97
189 98
189 99
189 100
189 101
188 101
187 101
186 101
185 101
184 101
183 101
182 101
181 101
180 101
179 101
178 101
177 101
176 101
176 100
176 99
176 98
176 97
176 96
176 95
176 94
175 94
174 94
174 95
174 96
174 97
174 98
174 99
173 99
172 99
171 99
170 99
169 99
169 100
169 101
169 102
169 103
169 104
170 104
171 104
171 105
171 106
170 106
169 106
168 106
167 106
166 106
165 106
164 106
163 106
162 106
161 106
161 105
161 104
160 104
159 104
159 105
159 106
159 107
159 108
159 109
159 110
159 111
158 111
157 111
156 111
155 111
154 111
153 111
152 111
151 111
150 111
149 111
148 111
147 111
146 111
146 110
146 109
146 108
146 107
146 106
146 105
146 104
145 104
144 104
144 105
144 106
144 107
144 108
144 109
143 109
142 109
141 109
140 109
139 109
138 109
137 109
136 109
135 109
134 109
133 109
132 109
131 109
130 109
129 109
129 110
129 111
129 112
129 113
129 114
128 114
127 114
126 114
125 114
124 114
123 114
122 114
121 114
120 114
119 114
118 114
117 114
116 114
115 114
114 114
114 115
114 116
114 117
114 118
114 119
113 119
112 119
111 119
110 119
109 119
109 120
109 121
109 122
109 123
109 124
109 125
109 126
109 127
109 128
109 129
109 130
109 131
109 132
109 133
109 134
109 135
109 136
110 136
111 136
112 136
113 136
114 136
114 137
114 138
114 139
114 140
114 141
115 141
116 141
117 141
118 141
119 141
119 142
119 143
119 144
119 145
119 146
120 146
121 146
122 146
123 146
124 146
124 145
124 144
125 144
126 144
127 144
128 144
129 144
130 144
131 144
131 145
131 146
131 147
131 148
131 149
130 149
129 149
129 150
129 151
129 152
129 153
129 154
129 155
129 156
129 157
129 158
129 159
129 160
129 161
129 162
129 163
129 164
129 165
129 164
129 163
129 162
129 161
129 160
129 159
129 158
129 157
129 156
129 155
129 154
129 153
129 152
129 151
129 150
129 149
130 149
131 149
131 148
131 147
131 146
131 145
131 144
130 144
129 144
128 144
127 144
126 144
125 144
124 144
124 145
124 146
123 146
122 146
121 146
120 146
119 146
119 145
119 144
119 143
119 142
119 141
118 141
117 141
116 141
115 141
114 141
114 140
114 139
114 138
114 137
114 136
113 136
112 136
111 136
110 136
109 136
109 135
109 134
109 133
109 132
109 131
109 130
109 129
109 128
109 127
109 126
109 125
109 124
109 123
109 122
109 121
109 120
109 119
109 118
109 117
109 116
109 115
109 114
109 113
109 112
109 111
109 110
109 109
110 109
111 109
112 109
113 109
114 109
114 108
114 107
114 106
114 105
114 104
115 104
116 104
117 104
118 104
119 104
119 103
119 102
119 101
119 100
119 99
120 99
121 99
122 99
123 99
124 99
125 99
126 99
126 100
126 101
127 101
128 101
129 101
130 101
131 101
132 101
133 101
134 101
134 100
134 99
135 99
136 99
137 99
138 99
139 99
139 98
139 97
139 96
139 95
139 94
140 94
141 94
142 94
143 94
144 94
145 94
146 94
147 94
148 94
149 94
150 94
151 94
152 94
153 94
154 94
155 94
156 94
157 94
158 94
159 94
160 94
161 94
162 94
163 94
164 94
165 94
166 94
166 93
166 92
166 91
166 90
166 89
166 88
166 87
166 86
166 85
166 86
166 87
166 88
166 89
166 90
166 91
166 92
166 93
166 94
165 94
164 94
163 94
162 94
161 94
160 94
159 94
158 94
157 94
156 94
155 94
154 94
153 94
152 94
151 94
150 94
149 94
148 94
147 94
146 94
145 94
144 94
143 94
142 94
141 94
140 94
139 94
139 95
139 96
139 97
139 98
139 99
138 99
137 99
136 99
135 99
134 99
134 100
134 101
133 101
132 101
131 101
130 101
129 101
128 101
127 101
126 101
126 100
126 99
125 99
124 99
123 99
122 99
121 99
120 99
119 99
119 100
119 101
119 102
119 103
119 104
118 104
117 104
116 104
115 104
114 104
114 105
114 106
114 107
114 108
114 109
113 109
112 109
111 109
110 109
109 109
109 110
109 111
109 112
109 113
109 114
109 115
109 116
110 116
111 116
112 116
113 116
114 116
114 115
114 114
115 114
116 114
117 114
118 114
119 114
120 114
121 114
122 114
123 114
124 114
125 114
126 114
127 114
128 114
129 114
129 113
129 112
129 111
129 110
129 109
130 109
131 109
132 109
133 109
134 109
135 109
136 109
137 109
138 109
139 109
140 109
141 109
142 109
143 109
144 109
144 108
144 107
144 106
144 105
144 104
145 104
146 104
146 105
146 106
146 107
146 108
146 109
146 110
146 111
147 111
148 111
149 111
150 111
151 111
152 111
153 111
154 111
155 111
156 111
157 111
158 111
159 111
159 110
159 109
159 108
159 107
159 106
159 105
159 104
160 104
161 104
161 105
161 106
162 106
163 106
164 106
165 106
166 106
167 106
168 106
169 106
170 106
171 106
171 105
171 104
170 104
169 104
169 103
169 102
169 101
169 100
169 99
170 99
171 99
172 99
173 99
174 99
174 98
174 97
174 96
174 95
174 94
175 94
176 94
176 95
176 96
176 97
176 98
176 99
176 100
176 101
177 101
178 101
179 101
180 101
181 101
182 101
183 101
184 101
185 101
186 101
187 101
188 101
189 101
189 100
189 99
189 98
189 97
189 96
189 95
189 94
190 94
191 94
192 94
193 94
194 94
195 94
196 94
196 95
196 96
196 97
196 98
196 99
196 100
196 101
196 102
196 103
196 104
197 104
198 104
199 104
200 104
201 104
201 105
201 106
201 107
201 108
201 109
201 110
201 111
202 111
203 111
204 111
205 111
206 111
207 111
208 111
209 111
209 110
209 109
210 109
211 109
212 109
213 109
214 109
214 108
214 107
214 106
214 105
214 104
215 104
216 104
217 104
218 104
219 104
219 103
219 102
219 101
219 100
219 99
219 98
219 97
219 96
219 95
219 94
219 93
219 92
219 91
219 90
219 89
220 89
221 89
222 89
223 89
224 89
224 88
224 87
224 86
224 85
224 84
225 84
226 84
226 85
226 86
226 87
226 88
226 89
226 90
226 91
226 92
226 93
226 94
226 95
226 96
226 97
226 98
226 99
225 99
224 99
224 100
224 101
224 102
224 103
224 104
224 105
224 106
224 107
224 108
224 109
224 110
224 111
224 112
224 113
224 114
224 115
224 116
224 117
224 118
224 119
223 119
222 119
221 119
220 119
219 119
218 119
217 119
216 119
215 119
214 119
213 119
212 119
211 119
210 119
209 119
208 119
207 119
206 119
205 119
204 119
204 120
204 121
204 122
204 123
204 124
203 124
202 124
201 124
200 124
199 124
199 125
199 126
199 127
199 128
199 129
200 129
201 129
201 130
201 131
201 132
201 133
201 134
202 134
203 134
204 134
205 134
206 134
206 135
206 136
206 137
206 138
206 139
206 140
206 141
206 142
206 143
206 144
206 145
206 146
206 147
206 148
206 149
206 150
206 151
206 152
206 153
206 154
206 155
206 156
206 157
206 158
206 159
207 159
208 159
209 159
210 159
211 159
212 159
213 159
214 159
215 159
216 159
217 159
218 159
219 159
220 159
221 159
222 159
223 159
224 159
225 159
226 159
226 160
226 161
226 162
226 163
226 164
227 164
228 164
229 164
230 164
231 164
232 164
233 164
234 164
235 164
236 164
236 165
236 166
236 167
236 168
236 169
236 170
236 171
236 172
236 173
236 174
237 174
238 174
239 174
240 174
241 174
242 174
243 174
244 174
245 174
246 174
246 175
246 176
247 176
248 176
249 176
250 176
251 176
252 176
253 176
254 176
255 176
256 176
257 176
258 176
259 176
260 176
261 176
262 176
263 176
264 176
265 176
266 176
267 176
268 176
269 176
269 175
269 174
270 174
271 174
271 175
271 176
271 177
271 178
271 179
272 179
273 179
274 179
275 179
276 179
277 179
278 179
279 179
280 179
281 179
281 180
281 181
281 182
281 183
281 184
281 185
281 186
281 187
281 188
281 189
282 189
283 189
284 189
285 189
286 189
286 190
286 191
286 192
286 193
286 194
287 194
288 194
289 194
290 194
291 194
291 195
291 196
291 197
291 198
291 199
292 199
293 199
294 199
295 199
296 199
296 200
296 201
297 201
298 201
299 201
300 201
301 201
302 201
303 201
304 201
305 201
306 201
307 201
308 201
309 201
310 201
311 201
312 201
313 201
314 201
314 200
314 199
314 198
314 197
314 196
314 195
314 194
314 193
314 192
314 191
314 190
314 189
314 188
314 187
314 186
314 185
314 184
314 183
314 182
314 181
314 180
314 179
315 179
316 179
316 180
316 181
316 182
316 183
316 184
316 185
316 186
317 186
318 186
319 186
320 186
321 186
322 186
323 186
324 186
325 186
326 186
327 186
328 186
329 186
329 185
329 184
329 183
329 182
329 181
329 180
329 179
329 178
329 177
329 176
329 175
329 174
329 173
329 172
329 171
329 170
329 169
330 169
331 169
331 170
331 171
331 172
331 173
331 174
331 175
331 176
331 177
331 178
331 179
332 179
333 179
334 179
335 179
336 179
336 180
336 181
336 182
336 183
336 184
336 185
336 186
336 187
336 188
336 189
335 189
334 189
334 190
334 191
334 192
334 193
334 194
333 194
332 194
331 194
330 194
329 194
329 195
329 196
329 197
329 198
329 199
330 199
331 199
331 200
331 201
331 202
331 203
331 204
330 204
329 204
329 205
329 206
329 207
329 208
329 209
329 210
329 211
329 212
329 213
329 214
328 214
327 214
326 214
325 214
324 214
324 215
324 216
324 217
324 218
324 219
325 219
326 219
327 219
328 219
329 219
330 219
331 219
332 219
333 219
334 219
335 219
336 219
337 219
338 219
339 219
340 219
341 219
341 220
341 221
342 221
343 221
344 221
345 221
346 221
347 221
348 221
349 221
350 221
351 221
352 221
353 221
354 221
355 221
356 221
356 220
356 219
355 219
354 219
353 219
352 219
351 219
351 218
351 217
351 216
351 215
351 214
351 213
351 212
351 211
351 210
351 209
351 208
351 207
351 206
351 205
351 204
351 203
351 202
351 201
351 200
351 199
350 199
349 199
348 199
347 199
346 199
345 199
344 199
344 198
344 197
344 196
344 195
344 194
345 194
346 194
347 194
348 194
349 194
350 194
351 194
352 194
353 194
354 194
354 193
354 192
354 191
354 190
354 189
354 188
354 187
354 186
354 185
354 184
355 184
356 184
357 184
358 184
359 184
360 184
361 184
362 184
363 184
364 184
365 184
366 184
367 184
368 184
369 184
369 183
369 182
369 181
369 180
369 179
370 179
371 179
372 179
373 179
374 179
375 179
376 179
376 180
376 181
376 182
376 183
376 184
376 185
376 186
376 187
376 188
376 189
377 189
378 189
379 189
380 189
381 189
381 190
381 191
381 192
381 193
381 194
382 194
383 194
384 194
385 194
386 194
386 195
386 196
386 197
386 198
386 199
385 199
384 199
384 200
384 201
383 201
382 201
381 201
380 201
379 201
378 201
377 201
376 201
376 200
376 199
376 198
376 197
376 196
376 195
376 194
375 194
374 194
374 195
374 196
374 197
374 198
374 199
373 199
372 199
371 199
370 199
369 199
369 200
369 201
369 202
369 203
369 204
370 204
371 204
371 205
371 206
371 207
371 208
371 209
371 210
371 211
371 212
371 213
371 214
371 215
371 216
371 217
371 218
371 219
370 219
369 219
369 220
369 221
369 222
369 223
369 224
370 224
371 224
372 224
373 224
374 224
375 224
376 224
377 224
378 224
379 224
380 224
381 224
381 225
381 226
381 227
381 228
381 229
381 230
381 231
381 232
381 233
381 234
381 235
381 236
381 237
381 238
381 239
381 240
381 241
380 241
379 241
378 241
377 241
376 241
376 242
376 243
376 244
376 245
376 246
375 246
374 246
373 246
372 246
371 246
370 246
369 246
368 246
367 246
366 246
365 246
364 246
364 247
364 248
364 249
364 250
364 251
364 252
364 253
364 254
365 254
366 254
367 254
368 254
369 254
370 254
371 254
371 255
371 256
370 256
369 256
368 256
367 256
366 256
366 257
366 258
366 259
366 260
366 261
365 261
364 261
363 261
362 261
361 261
360 261
359 261
358 261
357 261
356 261
355 261
354 261
353 261
352 261
351 261
351 262
351 263
351 264
351 265
351 266
350 266
349 266
348 266
347 266
346 266
346 267
346 268
346 269
346 270
346 271
346 272
346 273
346 274
346 275
346 276
345 276
344 276
343 276
342 276
341 276
340 276
339 276
339 277
339 278
339 279
339 280
339 281
339 282
339 283
339 284
340 284
341 284
342 284
343 284
344 284
345 284
346 284
347 284
348 284
349 284
350 284
351 284
351 285
351 286
351 287
351 288
351 289
351 290
351 291
352 291
353 291
354 291
355 291
356 291
356 290
356 289
356 288
356 287
356 286
356 285
356 284
357 284
358 284
359 284
360 284
361 284
361 285
361 286
361 287
361 288
361 289
362 289
363 289
364 289
365 289
366 289
366 290
366 291
366 292
366 293
366 294
367 294
368 294
369 294
370 294
371 294
371 295
371 296
371 297
371 298
371 299
372 299
373 299
374 299
375 299
376 299
377 299
378 299
379 299
380 299
381 299
382 299
383 299
384 299
385 299
386 299
386 300
386 301
385 301
384 301
384 302
384 303
384 304
384 305
384 306
384 307
384 308
384 309
384 310
384 311
384 312
384 313
384 314
385 314
386 314
387 314
388 314
389 314
390 314
391 314
392 314
393 314
394 314
395 314
396 314
396 315
396 316
396 317
396 318
396 319
397 319
398 319
399 319
400 319
401 319
402 319
403 319
404 319
405 319
406 319
407 319
408 319
409 319
410 319
411 319
412 319
413 319
414 319
415 319
416 319
416 320
416 321
416 322
416 323
416 324
416 325
416 326
416 327
416 328
416 329
416 330
416 329
416 328
416 327
416 326
416 325
416 324
416 323
416 322
416 321
416 320
416 319
415 319
414 319
413 319
412 319
411 319
410 319
409 319
408 319
407 319
406 319
405 319
404 319
403 319
402 319
401 319
400 319
399 319
398 319
397 319
396 319
396 318
396 317
396 316
396 315
396 314
395 314
394 314
393 314
392 314
391 314
390 314
389 314
388 314
387 314
386 314
385 314
384 314
384 313
384 312
384 311
384 310
384 309
384 308
384 307
384 306
384 305
384 304
384 303
384 302
384 301
385 301
386 301
386 300
386 299
385 299
384 299
383 299
382 299
381 299
380 299
379 299
378 299
377 299
376 299
375 299
374 299
373 299
372 299
371 299
371 298
371 297
371 296
371 295
371 294
370 294
369 294
368 294
367 294
366 294
366 293
366 292
366 291
366 290
366 289
365 289
364 289
363 289
362 289
361 289
361 288
361 287
361 286
361 285
361 284
360 284
359 284
358 284
357 284
356 284
356 285
356 286
356 287
356 288
356 289
356 290
356 291
355 291
354 291
353 291
352 291
351 291
351 290
351 289
351 288
351 287
351 286
351 285
351 284
350 284
349 284
348 284
347 284
346 284
345 284
344 284
343 284
342 284
341 284
340 284
339 284
339 283
339 282
339 281
339 280
339 279
339 278
339 277
339 276
340 276
341 276
342 276
343 276
344 276
345 276
346 276
346 275
346 274
346 273
346 272
346 271
346 270
346 269
346 268
346 267
346 266
347 266
348 266
349 266
350 266
351 266
351 265
351 264
351 263
351 262
351 261
352 261
353 261
354 261
355 261
356 261
357 261
358 261
359 261
360 261
361 261
362 261
363 261
364 261
365 261
366 261
366 260
366 259
366 258
366 257
366 256
367 256
368 256
369 256
370 256
371 256
371 255
371 254
370 254
369 254
368 254
367 254
366 254
365 254
364 254
363 254
362 254
361 254
361 253
361 252
361 251
361 250
361 249
360 249
359 249
358 249
357 249
356 249
356 250
356 251
356 252
356 253
356 254
356 255
356 256
355 256
354 256
353 256
352 256
351 256
351 255
351 254
351 253
351 252
351 251
351 250
351 249
350 249
349 249
349 248
349 247
349 246
349 245
349 244
350 244
351 244
352 244
353 244
354 244
355 244
356 244
357 244
357 243
358 243
358 242
359 242
359 241
360 241
361 241
362 241
363 241
364 241
365 241
366 241
367 241
368 241
369 241
370 241
371 241
371 240
371 239
370 239
369 239
368 239
367 239
366 239
365 239
364 239
363 239
362 239
361 239
360 239
359 239
358 239
357 239
356 239
356 238
356 237
356 236
356 235
356 234
355 234
354 234
353 234
352 234
351 234
350 234
349 234
348 234
347 234
346 234
345 234
344 234
344 235
344 236
344 237
344 238
344 239
344 240
344 241
344 242
344 243
344 244
344 245
344 246
343 246
342 246
341 246
340 246
339 246
338 246
337 246
336 246
336 245
336 244
336 243
336 242
336 241
336 240
336 239
336 238
336 237
336 236
336 235
336 234
335 234
334 234
334 235
334 236
334 237
334 238
334 239
334 240
334 241
334 242
334 243
334 244
333 244
332 244
331 244
330 244
329 244
328 244
327 244
326 244
325 244
324 244
324 245
324 246
324 247
324 248
324 249
324 250
324 251
324 252
324 253
324 254
323 254
322 254
321 254
320 254
319 254
318 254
317 254
316 254
315 254
314 254
314 255
314 256
314 257
314 258
314 259
314 260
314 261
314 262
314 263
314 264
314 265
314 266
314 267
314 268
314 269
314 270
314 271
314 272
314 273
314 274
314 275
314 276
314 277
314 278
314 279
314 280
314 281
314 282
314 283
314 284
314 285
314 286
314 287
313 287
313 288
312 288
312 289
311 289
310 289
309 289
309 290
309 291
309 292
308 292
308 293
307 293
307 294
306 294
305 294
304 294
304 295
304 296
305 296
0.000000 767.000000
Incorrect path legth
<end of output>
Test time = 136.10 sec
----------------------------------------------------------
Test Failed.
"Test1" end time: Mar 06 18:13 MSK
"Test1" time elapsed: 00:02:16
----------------------------------------------------------

2/12 Testing: Test2
2/12 Test: Test2
Command: "/Users/drewsemakov/PathPlanningProject/Build/Debug/Tests/testbench" "../../../TestData/1_test.xml"
Directory: /Users/drewsemakov/PathPlanningProject/Build/Debug/Tests
"Test2" start time: Mar 06 18:13 MSK
Output:
----------------------------------------------------------
tiny
Warning! Value of 'logpath' tag is missing!
Value of 'logpath' tag was defined to 'current directory'.
Warning! Value of 'logfilename' tag is missing.
Value of 'logfilename' tag was defined to default (original filename +'_log' + original file extension.
249 163
249 164
249 165
249 166
250 166
251 166
252 166
253 166
254 166
254 165
254 164
254 163
254 162
254 161
254 160
254 159
254 158
254 157
254 156
254 155
254 154
254 153
254 152
254 151
254 150
254 149
255 149
256 149
257 149
258 149
259 149
260 149
261 149
261 150
261 151
261 152
261 153
261 154
260 154
259 154
259 155
259 156
259 157
259 158
259 159
260 159
261 159
261 160
261 161
261 162
261 163
261 164
261 165
261 166
262 166
263 166
264 166
265 166
266 166
267 166
268 166
269 166
269 165
269 164
270 164
271 164
272 164
273 164
274 164
275 164
276 164
276 165
276 166
276 167
276 168
276 169
276 170
276 171
276 172
276 173
276 174
275 174
274 174
274 175
274 176
274 177
274 178
274 179
275 179
276 179
277 179
278 179
279 179
280 179
281 179
281 180
281 181
281 182
281 183
281 184
281 185
281 186
281 187
281 188
281 189
282 189
283 189
284 189
285 189
286 189
286 190
286 191
286 192
286 193
286 194
287 194
288 194
289 194
290 194
291 194
291 195
291 196
291 197
291 198
291 199
292 199
293 199
294 199
295 199
296 199
296 200
296 201
297 201
298 201
299 201
300 201
301 201
302 201
303 201
304 201
305 201
306 201
307 201
308 201
309 201
310 201
311 201
312 201
313 201
314 201
314 200
314 199
314 198
314 197
314 196
314 195
314 194
314 193
314 192
314 191
314 190
314 189
314 188
314 187
314 186
314 185
314 184
314 183
314 182
314 181
314 180
314 179
315 179
316 179
316 180
316 181
316 182
316 183
316 184
316 185
316 186
317 186
318 186
319 186
320 186
319 186
318 186
317 186
316 186
316 185
316 184
316 183
316 182
316 181
316 180
316 179
315 179
314 179
314 180
314 181
314 182
314 183
314 184
314 185
314 186
314 187
314 188
314 189
314 190
314 191
314 192
314 193
314 194
314 195
314 196
314 197
314 198
314 199
314 200
314 201
314 202
314 203
314 204
313 204
312 204
311 204
310 204
309 204
308 204
307 204
306 204
305 204
304 204
303 204
302 204
301 204
300 204
299 204
299 205
299 206
299 207
299 208
299 209
300 209
301 209
301 210
301 209
300 209
299 209
298 209
297 209
296 209
296 208
296 207
296 206
296 205
296 204
296 203
296 202
296 201
296 200
296 199
295 199
294 199
293 199
292 199
291 199
291 198
291 197
291 196
291 195
291 194
290 194
289 194
288 194
287 194
286 194
286 193
286 192
286 191
286 190
286 189
285 189
284 189
283 189
282 189
281 189
281 188
281 187
281 186
281 185
281 184
281 183
281 182
281 181
281 180
281 179
280 179
279 179
278 179
277 179
276 179
275 179
274 179
273 179
272 179
271 179
271 178
271 177
271 176
271 175
271 174
270 174
269 174
269 175
269 176
268 176
267 176
266 176
265 176
264 176
263 176
262 176
261 176
260 176
259 176
258 176
257 176
256 176
255 176
254 176
253 176
252 176
251 176
250 176
249 176
248 176
247 176
246 176
246 175
246 174
245 174
244 174
243 174
242 174
241 174
240 174
239 174
238 174
237 174
236 174
236 173
236 172
236 171
236 170
236 169
236 168
236 167
236 166
236 165
236 164
235 164
234 164
234 165
234 166
234 167
234 168
234 169
234 170
234 171
234 172
234 173
234 174
234 175
234 176
234 177
234 178
234 179
234 180
234 181
234 182
234 183
234 184
234 185
234 186
234 187
234 188
234 189
234 190
234 191
234 192
234 193
234 194
234 195
233 195
232 195
231 195
231 194
231 193
231 192
231 191
231 190
231 189
231 188
231 187
231 186
231 185
231 184
231 183
231 182
231 181
231 180
231 179
231 178
231 177
231 176
231 175
231 174
231 173
231 172
231 171
231 170
231 169
231 168
231 167
231 166
231 165
231 164
230 164
229 164
228 164
227 164
226 164
226 163
226 162
226 161
226 160
226 159
225 159
224 159
223 159
222 159
221 159
220 159
219 159
218 159
217 159
216 159
215 159
214 159
213 159
212 159
211 159
210 159
209 159
208 159
207 159
206 159
206 158
206 157
206 156
206 155
206 154
206 153
206 152
206 151
206 150
206 149
206 148
206 147
206 146
206 145
206 144
206 143
206 142
206 141
206 140
206 139
206 138
206 137
206 136
206 135
206 134
205 134
204 134
203 134
202 134
201 134
201 133
201 132
201 131
201 130
201 129
200 129
199 129
199 128
199 127
199 126
199 125
199 124
200 124
201 124
202 124
203 124
204 124
204 123
204 122
204 121
204 120
204 119
205 119
206 119
207 119
208 119
209 119
210 119
211 119
212 119
213 119
214 119
215 119
216 119
217 119
218 119
219 119
220 119
221 119
222 119
223 119
224 119
224 118
224 117
224 116
224 115
224 114
224 113
224 112
224 111
224 110
224 109
224 108
224 107
224 106
224 105
224 104
224 103
224 102
224 101
224 100
224 99
225 99
226 99
226 98
226 97
226 96
226 95
226 94
226 93
226 92
226 91
226 90
226 89
226 88
226 87
226 86
226 85
226 84
225 84
224 84
224 85
224 86
224 87
224 88
224 89
223 89
222 89
221 89
220 89
219 89
219 90
219 91
219 92
219 93
219 94
219 95
219 96
219 97
219 98
219 99
219 100
219 101
219 102
219 103
219 104
218 104
217 104
216 104
215 104
214 104
214 105
214 106
214 107
214 108
214 109
213 109
212 109
211 109
210 109
209 109
209 110
209 111
208 111
207 111
206 111
205 111
204 111
203 111
202 111
201 111
201 110
201 109
201 108
201 107
201 106
201 105
201 104
200 104
199 104
198 104
197 104
196 104
196 103
196 102
196 101
196 100
196 99
196 98
196 97
196 96
196 95
196 94
195 94
194 94
193 94
192 94
191 94
190 94
189 94
189 95
189 96
189 97
189 98
189 99
189 100
189 101
188 101
187 101
186 101
185 101
184 101
183 101
182 101
181 101
180 101
179 101
178 101
177 101
176 101
176 100
176 99
176 98
176 97
176 96
176 95
176 94
175 94
174 94
174 95
174 96
174 97
174 98
174 99
173 99
172 99
171 99
170 99
169 99
169 100
169 101
169 102
169 103
169 104
170 104
171 104
171 105
171 106
170 106
169 106
168 106
167 106
166 106
165 106
164 106
163 106
162 106
161 106
161 105
161 104
160 104
159 104
159 105
159 106
159 107
159 108
159 109
159 110
159 111
158 111
157 111
156 111
155 111
154 111
153 111
152 111
151 111
150 111
149 111
148 111
147 111
146 111
146 110
146 109
146 108
146 107
146 106
146 105
146 104
145 104
144 104
144 105
144 106
144 107
144 108
144 109
143 109
142 109
141 109
140 109
139 109
138 109
137 109
136 109
135 109
134 109
133 109
132 109
131 109
130 109
129 109
129 110
129 111
129 112
129 113
129 114
128 114
127 114
126 114
125 114
124 114
123 114
122 114
121 114
120 114
119 114
118 114
117 114
116 114
115 114
114 114
114 115
114 116
114 117
114 118
114 119
113 119
112 119
111 119
110 119
109 119
109 120
109 121
109 122
109 123
109 124
109 125
109 126
109 127
109 128
109 129
109 130
109 131
109 132
109 133
109 134
109 135
109 136
110 136
111 136
112 136
113 136
114 136
114 137
114 138
114 139
114 140
114 141
115 141
116 141
117 141
118 141
119 141
119 142
119 143
119 144
119 145
119 146
120 146
121 146
122 146
123 146
124 146
124 145
124 144
125 144
126 144
127 144
128 144
129 144
130 144
131 144
131 145
131 146
131 147
131 148
131 149
130 149
129 149
129 150
129 151
129 152
129 153
129 154
129 155
129 156
129 157
129 158
129 159
129 160
129 161
129 162
129 163
129 164
129 165
129 164
129 163
129 162
129 161
129 160
129 159
129 158
129 157
129 156
129 155
129 154
129 153
129 152
129 151
129 150
129 149
130 149
131 149
131 148
131 147
131 146
131 145
131 144
130 144
129 144
128 144
127 144
126 144
125 144
124 144
124 145
124 146
123 146
122 146
121 146
120 146
119 146
119 145
119 144
119 143
119 142
119 141
118 141
117 141
116 141
115 141
114 141
114 140
114 139
114 138
114 137
114 136
113 136
112 136
111 136
110 136
109 136
109 135
109 134
109 133
109 132
109 131
109 130
109 129
109 128
109 127
109 126
109 125
109 124
109 123
109 122
109 121
109 120
109 119
109 118
109 117
109 116
109 115
109 114
109 113
109 112
109 111
109 110
109 109
110 109
111 109
112 109
113 109
114 109
114 108
114 107
114 106
114 105
114 104
115 104
116 104
117 104
118 104
119 104
119 103
119 102
119 101
119 100
119 99
120 99
121 99
122 99
123 99
124 99
125 99
126 99
126 100
126 101
127 101
128 101
129 101
130 101
131 101
132 101
133 101
134 101
134 100
134 99
135 99
136 99
137 99
138 99
139 99
139 98
139 97
139 96
139 95
139 94
140 94
141 94
142 94
143 94
144 94
145 94
146 94
147 94
148 94
149 94
150 94
151 94
152 94
153 94
154 94
155 94
156 94
157 94
158 94
159 94
160 94
161 94
162 94
163 94
164 94
165 94
166 94
166 93
166 92
166 91
166 90
166 89
166 88
166 87
166 86
166 85
166 86
166 87
166 88
166 89
166 90
166 91
166 92
166 93
166 94
165 94
164 94
163 94
162 94
161 94
160 94
159 94
158 94
157 94
156 94
155 94
154 94
153 94
152 94
151 94
150 94
149 94
148 94
147 94
146 94
145 94
144 94
143 94
142 94
141 94
140 94
139 94
139 95
139 96
139 97
139 98
139 99
138 99
137 99
136 99
135 99
134 99
134 100
134 101
133 101
132 101
131 101
130 101
129 101
128 101
127 101
126 101
126 100
126 99
125 99
124 99
123 99
122 99
121 99
120 99
119 99
119 100
119 101
119 102
119 103
119 104
118 104
117 104
116 104
115 104
114 104
114 105
114 106
114 107
114 108
114 109
113 109
112 109
111 109
110 109
109 109
109 110
109 111
109 112
109 113
109 114
109 115
109 116
110 116
111 116
112 116
113 116
114 116
114 115
114 114
115 114
116 114
117 114
118 114
119 114
120 114
121 114
122 114
123 114
124 114
125 114
126 114
127 114
128 114
129 114
129 113
129 112
129 111
129 110
129 109
130 109
131 109
132 109
133 109
134 109
135 109
136 109
137 109
138 109
139 109
140 109
141 109
142 109
143 109
144 109
144 108
144 107
144 106
144 105
144 104
145 104
146 104
146 105
146 106
146 107
146 108
146 109
146 110
146 111
147 111
148 111
149 111
150 111
151 111
152 111
153 111
154 111
155 111
156 111
157 111
158 111
159 111
159 110
159 109
159 108
159 107
159 106
159 105
159 104
160 104
161 104
161 105
161 106
162 106
163 106
164 106
165 106
166 106
167 106
168 106
169 106
170 106
171 106
171 105
171 104
170 104
169 104
169 103
169 102
169 101
169 100
169 99
170 99
171 99
172 99
173 99
174 99
174 98
174 97
174 96
174 95
174 94
175 94
176 94
176 95
176 96
176 97
176 98
176 99
176 100
176 101
177 101
178 101
179 101
180 101
181 101
182 101
183 101
184 101
185 101
186 101
187 101
188 101
189 101
189 100
189 99
189 98
189 97
189 96
189 95
189 94
190 94
191 94
192 94
193 94
194 94
195 94
196 94
196 95
196 96
196 97
196 98
196 99
196 100
196 101
196 102
196 103
196 104
197 104
198 104
199 104
200 104
201 104
201 105
201 106
201 107
201 108
201 109
201 110
201 111
202 111
203 111
204 111
205 111
206 111
207 111
208 111
209 111
209 110
209 109
210 109
211 109
212 109
213 109
214 109
214 108
214 107
214 106
214 105
214 104
215 104
216 104
217 104
218 104
219 104
219 103
219 102
219 101
219 100
219 99
219 98
219 97
219 96
219 95
219 94
219 93
219 92
219 91
219 90
219 89
220 89
221 89
222 89
223 89
224 89
224 88
224 87
224 86
224 85
224 84
225 84
226 84
226 85
226 86
226 87
226 88
226 89
226 90
226 91
226 92
226 93
226 94
226 95
226 96
226 97
226 98
226 99
225 99
224 99
224 100
224 101
224 102
224 103
224 104
224 105
224 106
224 107
224 108
224 109
224 110
224 111
224 112
224 113
224 114
224 115
224 116
224 117
224 118
224 119
223 119
222 119
221 119
220 119
219 119
218 119
217 119
216 119
215 119
214 119
213 119
212 119
211 119
210 119
209 119
208 119
207 119
206 119
205 119
204 119
204 120
204 121
204 122
204 123
204 124
203 124
202 124
201 124
200 124
199 124
199 125
199 126
199 127
199 128
199 129
200 129
201 129
201 130
201 131
201 132
201 133
201 134
202 134
203 134
204 134
205 134
206 134
206 135
206 136
206 137
206 138
206 139
206 140
206 141
206 142
206 143
206 144
206 145
206 146
206 147
206 148
206 149
206 150
206 151
206 152
206 153
206 154
206 155
206 156
206 157
206 158
206 159
207 159
208 159
209 159
210 159
211 159
212 159
213 159
214 159
215 159
216 159
217 159
218 159
219 159
220 159
221 159
222 159
223 159
224 159
225 159
226 159
226 160
226 161
226 162
226 163
226 164
227 164
228 164
229 164
230 164
231 164
232 164
233 164
234 164
235 164
236 164
236 165
236 166
236 167
236 168
236 169
236 170
236 171
236 172
236 173
236 174
237 174
238 174
239 174
240 174
241 174
242 174
243 174
244 174
245 174
246 174
246 175
246 176
247 176
248 176
249 176
250 176
251 176
252 176
253 176
254 176
255 176
256 176
257 176
258 176
259 176
260 176
261 176
262 176
263 176
264 176
265 176
266 176
267 176
268 176
269 176
269 175
269 174
270 174
271 174
271 175
271 176
271 177
271 178
271 179
272 179
273 179
274 179
275 179
276 179
277 179
278 179
279 179
280 179
281 179
281 180
281 181
281 182
281 183
281 184
281 185
281 186
281 187
281 188
281 189
282 189
283 189
284 189
285 189
286 189
286 190
286 191
286 192
286 193
286 194
287 194
288 194
289 194
290 194
291 194
291 195
291 196
291 197
291 198
291 199
292 199
293 199
294 199
295 199
296 199
296 200
296 201
297 201
298 201
299 201
300 201
301 201
302 201
303 201
304 201
305 201
306 201
307 201
308 201
309 201
310 201
311 201
312 201
313 201
314 201
314 200
314 199
314 198
314 197
314 196
314 195
314 194
314 193
314 192
314 191
314 190
314 189
314 188
314 187
314 186
314 185
314 184
314 183
314 182
314 181
314 180
314 179
315 179
316 179
316 180
316 181
316 182
316 183
316 184
316 185
316 186
317 186
318 186
319 186
320 186
321 186
322 186
323 186
324 186
325 186
326 186
327 186
328 186
329 186
329 185
329 184
329 183
329 182
329 181
329 180
329 179
329 178
329 177
329 176
329 175
329 174
329 173
329 172
329 171
329 170
329 169
330 169
331 169
331 170
331 171
331 172
331 173
331 174
331 175
331 176
331 177
331 178
331 179
332 179
333 179
334 179
335 179
336 179
336 180
336 181
336 182
336 183
336 184
336 185
336 186
336 187
336 188
336 189
335 189
334 189
334 190
334 191
334 192
334 193
334 194
333 194
332 194
331 194
330 194
329 194
329 195
329 196
329 197
329 198
329 199
330 199
331 199
331 200
331 201
331 202
331 203
331 204
330 204
329 204
329 205
329 206
329 207
329 208
329 209
329 210
329 211
329 212
329 213
329 214
328 214
327 214
326 214
325 214
324 214
324 215
324 216
324 217
324 218
324 219
325 219
326 219
327 219
328 219
329 219
330 219
331 219
332 219
333 219
334 219
335 219
336 219
337 219
338 219
339 219
340 219
341 219
341 220
341 221
342 221
343 221
344 221
345 221
346 221
347 221
348 221
349 221
350 221
351 221
352 221
353 221
354 221
355 221
356 221
356 220
356 219
355 219
354 219
353 219
352 219
351 219
351 218
351 217
351 216
351 215
351 214
351 213
351 212
351 211
351 210
351 209
351 208
351 207
351 206
351 205
351 204
351 203
351 202
351 201
351 200
351 199
350 199
349 199
348 199
347 199
346 199
345 199
344 199
344 198
344 197
344 196
344 195
344 194
345 194
346 194
347 194
348 194
349 194
350 194
351 194
352 194
353 194
354 194
354 193
354 192
354 191
354 190
354 189
354 188
354 187
354 186
354 185
354 184
355 184
356 184
357 184
358 184
359 184
360 184
361 184
362 184
363 184
364 184
365 184
366 184
367 184
368 184
369 184
369 183
369 182
369 181
369 180
369 179
370 179
371 179
372 179
373 179
374 179
375 179
376 179
376 180
376 181
376 182
376 183
376 184
376 185
376 186
376 187
376 188
376 189
377 189
378 189
379 189
380 189
381 189
381 190
381 191
381 192
381 193
381 194
382 194
383 194
384 194
385 194
386 194
386 195
386 196
386 197
386 198
386 199
385 199
384 199
384 200
384 201
383 201
382 201
381 201
380 201
379 201
378 201
377 201
376 201
376 200
376 199
376 198
376 197
376 196
376 195
376 194
375 194
374 194
374 195
374 196
374 197
374 198
374 199
373 199
372 199
371 199
370 199
369 199
369 200
369 201
369 202
369 203
369 204
370 204
371 204
371 205
371 206
371 207
371 208
371 209
371 210
371 211
371 212
371 213
371 214
371 215
371 216
371 217
371 218
371 219
370 219
369 219
369 220
369 221
369 222
369 223
369 224
370 224
371 224
372 224
373 224
374 224
375 224
376 224
377 224
378 224
379 224
380 224
381 224
381 225
381 226
381 227
381 228
381 229
381 230
381 231
381 232
381 233
381 234
381 235
381 236
381 237
381 238
381 239
381 240
381 241
380 241
379 241
378 241
377 241
376 241
376 242
376 243
376 244
376 245
376 246
375 246
374 246
373 246
372 246
371 246
370 246
369 246
368 246
367 246
366 246
365 246
364 246
364 247
364 248
364 249
364 250
364 251
364 252
364 253
364 254
365 254
366 254
367 254
368 254
369 254
370 254
371 254
371 255
371 256
370 256
369 256
368 256
367 256
366 256
366 257
366 258
366 259
366 260
366 261
365 261
364 261
363 261
362 261
361 261
360 261
359 261
358 261
357 261
356 261
355 261
354 261
353 261
352 261
351 261
351 262
351 263
351 264
351 265
351 266
350 266
349 266
348 266
347 266
346 266
346 267
346 268
346 269
346 270
346 271
346 272
346 273
346 274
346 275
346 276
345 276
344 276
343 276
342 276
341 276
340 276
339 276
339 277
339 278
339 279
339 280
339 281
339 282
339 283
339 284
340 284
341 284
342 284
343 284
344 284
345 284
346 284
347 284
348 284
349 284
350 284
351 284
351 285
351 286
351 287
351 288
351 289
351 290
351 291
352 291
353 291
354 291
355 291
356 291
356 290
356 289
356 288
356 287
356 286
356 285
356 284
357 284
358 284
359 284
360 284
361 284
361 285
361 286
361 287
361 288
361 289
362 289
363 289
364 289
365 289
366 289
366 290
366 291
366 292
366 293
366 294
367 294
368 294
369 294
370 294
371 294
371 295
371 296
371 297
371 298
371 299
372 299
373 299
374 299
375 299
376 299
377 299
378 299
379 299
380 299
381 299
382 299
383 299
384 299
385 299
386 299
386 300
386 301
385 301
384 301
384 302
384 303
384 304
384 305
384 306
384 307
384 308
384 309
384 310
384 311
384 312
384 313
384 314
385 314
386 314
387 314
388 314
389 314
390 314
391 314
392 314
393 314
394 314
395 314
396 314
396 315
396 316
396 317
396 318
396 319
397 319
398 319
399 319
400 319
401 319
402 319
403 319
404 319
405 319
406 319
407 319
408 319
409 319
410 319
411 319
412 319
413 319
414 319
415 319
416 319
416 320
416 321
416 322
416 323
416 324
416 325
416 326
416 327
416 328
416 329
416 330
416 329
416 328
416 327
416 326
416 325
416 324
416 323
416 322
416 321
416 320
416 319
415 319
414 319
413 319
412 319
411 319
410 319
409 319
408 319
407 319
406 319
405 319
404 319
403 319
402 319
401 319
400 319
399 319
398 319
397 319
396 319
396 318
396 317
396 316
396 315
396 314
395 314
394 314
393 314
392 314
391 314
390 314
389 314
388 314
387 314
386 314
385 314
384 314
384 313
384 312
384 311
384 310
384 309
384 308
384 307
384 306
384 305
384 304
384 303
384 302
384 301
385 301
386 301
386 300
386 299
385 299
384 299
383 299
382 299
381 299
380 299
379 299
378 299
377 299
376 299
375 299
374 299
373 299
372 299
371 299
371 298
371 297
371 296
371 295
371 294
370 294
369 294
368 294
367 294
366 294
366 293
366 292
366 291
366 290
366 289
365 289
364 289
363 289
362 289
361 289
361 288
361 287
361 286
361 285
361 284
360 284
359 284
358 284
357 284
356 284
356 285
356 286
356 287
356 288
356 289
356 290
356 291
355 291
354 291
353 291
352 291
351 291
351 290
351 289
351 288
351 287
351 286
351 285
351 284
350 284
349 284
348 284
347 284
346 284
345 284
344 284
343 284
342 284
341 284
340 284
339 284
339 283
339 282
339 281
339 280
339 279
339 278
339 277
339 276
340 276
341 276
342 276
343 276
344 276
345 276
346 276
346 275
346 274
346 273
346 272
346 271
346 270
346 269
346 268
346 267
346 266
347 266
348 266
349 266
350 266
351 266
351 265
351 264
351 263
351 262
351 261
352 261
353 261
354 261
355 261
356 261
357 261
358 261
359 261
360 261
361 261
362 261
363 261
364 261
365 261
366 261
366 260
366 259
366 258
366 257
366 256
367 256
368 256
369 256
370 256
371 256
371 255
371 254
370 254
369 254
368 254
367 254
366 254
365 254
364 254
363 254
362 254
361 254
361 253
361 252
361 251
361 250
361 249
360 249
359 249
358 249
357 249
356 249
356 250
356 251
356 252
356 253
356 254
356 255
356 256
355 256
354 256
353 256
352 256
351 256
351 255
351 254
351 253
351 252
351 251
351 250
351 249
350 249
349 249
349 248
349 247
349 246
349 245
349 244
350 244
351 244
352 244
353 244
354 244
355 244
356 244
357 244
357 243
358 243
358 242
359 242
359 241
360 241
361 241
362 241
363 241
364 241
365 241
366 241
367 241
368 241
369 241
370 241
371 241
371 240
371 239
370 239
369 239
368 239
367 239
366 239
365 239
364 239
363 239
362 239
361 239
360 239
359 239
358 239
357 239
356 239
356 238
356 237
356 236
356 235
356 234
355 234
354 234
353 234
352 234
351 234
350 234
349 234
348 234
347 234
346 234
345 234
344 234
344 235
344 236
344 237
344 238
344 239
344 240
344 241
344 242
344 243
344 244
344 245
344 246
343 246
342 246
341 246
340 246
339 246
338 246
337 246
336 246
336 245
336 244
336 243
336 242
336 241
336 240
336 239
336 238
336 237
336 236
336 235
336 234
335 234
334 234
334 235
334 236
334 237
334 238
334 239
334 240
334 241
334 242
334 243
334 244
333 244
332 244
331 244
330 244
329 244
328 244
327 244
326 244
325 244
324 244
324 245
324 246
324 247
324 248
324 249
324 250
324 251
324 252
324 253
324 254
323 254
322 254
321 254
320 254
319 254
318 254
317 254
316 254
315 254
314 254
314 255
314 256
314 257
314 258
314 259
314 260
314 261
314 262
314 263
314 264
314 265
314 266
314 267
314 268
314 269
314 270
314 271
314 272
314 273
314 274
314 275
314 276
314 277
314 278
314 279
314 280
314 281
314 282
314 283
314 284
314 285
314 286
314 287
313 287
313 288
312 288
312 289
311 289
310 289
309 289
309 290
309 291
309 292
308 292
308 293
307 293
307 294
306 294
305 294
304 294
304 295
304 296
305 296
0.000000 767.000000
Incorrect path legth
<end of output>
Test time = 137.28 sec
----------------------------------------------------------
Test Failed.
"Test2" end time: Mar 06 18:15 MSK
"Test2" time elapsed: 00:02:17
----------------------------------------------------------

3/12 Testing: Test3
3/12 Test: Test3
Command: "/Users/drewsemakov/PathPlanningProject/Build/Debug/Tests/testbench" "../../../TestData/2_test.xml"
Directory: /Users/drewsemakov/PathPlanningProject/Build/Debug/Tests
"Test3" start time: Mar 06 18:15 MSK
Output:
----------------------------------------------------------
Warning! Value of'metrictype' is not correctly specified.
Value of 'metrictype' was defined to 'euclidean'
tiny
Warning! Value of 'logpath' tag is missing!
Value of 'logpath' tag was defined to 'current directory'.
Warning! Value of 'logfilename' tag is missing.
Value of 'logfilename' tag was defined to default (original filename +'_log' + original file extension.
249 163
249 164
249 165
250 166
251 165
251 164
251 163
251 162
251 161
251 160
251 159
251 158
251 157
251 156
251 155
251 154
251 153
252 152
253 151
254 150
255 149
256 149
257 149
258 149
259 149
260 149
261 150
261 151
261 152
261 153
260 154
259 155
259 156
259 157
259 158
260 159
261 160
261 161
261 162
262 163
263 164
264 165
265 166
266 166
267 166
268 166
269 165
270 164
271 164
272 164
273 164
274 164
275 164
276 165
276 166
276 167
276 168
276 169
276 170
276 171
276 172
276 173
275 174
274 175
275 176
276 177
277 178
278 179
279 179
280 179
281 180
281 181
281 182
282 183
283 184
284 185
285 186
286 187
287 188
288 189
289 190
290 191
291 192
292 193
293 194
294 195
295 196
296 197
297 198
298 199
299 200
300 201
301 201
302 201
303 201
304 201
305 201
306 201
307 201
308 201
309 201
310 201
311 200
311 199
311 198
311 197
311 196
311 195
311 194
311 193
311 192
311 191
311 190
311 189
311 188
311 187
311 186
311 185
311 184
311 183
312 182
313 181
314 180
315 179
316 180
316 181
316 182
317 183
318 184
319 185
320 186
319 185
319 184
319 183
318 182
317 181
316 180
315 179
314 180
314 181
314 182
314 183
314 184
314 185
314 186
314 187
314 188
314 189
314 190
314 191
314 192
314 193
314 194
314 195
314 196
314 197
313 198
312 199
311 200
310 201
309 202
308 203
307 204
306 204
305 204
304 204
303 204
302 204
301 204
300 204
299 205
299 206
299 207
299 208
300 209
301 210
301 209
301 208
301 207
300 206
299 205
299 204
299 203
299 202
299 201
299 200
298 199
297 198
296 197
295 196
294 195
293 194
292 193
291 192
290 191
289 190
288 189
287 188
286 187
285 186
284 185
284 184
284 183
283 182
282 181
281 180
280 179
279 179
278 179
277 179
276 179
275 179
274 178
273 177
272 176
271 175
270 174
269 175
268 176
267 176
266 176
265 176
264 176
263 176
262 176
261 176
260 176
259 176
258 176
257 176
256 176
255 176
254 176
253 176
252 176
251 176
250 176
249 176
248 176
247 176
246 175
245 174
244 174
243 174
242 173
241 172
240 171
239 170
239 169
239 168
238 167
237 166
236 165
235 164
234 165
234 166
234 167
234 168
234 169
234 170
234 171
234 172
234 173
234 174
234 175
234 176
234 177
234 178
234 179
234 180
234 181
234 182
234 183
234 184
234 185
234 186
234 187
234 188
234 189
234 190
234 191
234 192
234 193
234 194
234 195
234 194
234 193
234 192
234 191
234 190
234 189
234 188
234 187
234 186
234 185
234 184
234 183
234 182
234 181
234 180
234 179
234 178
234 177
234 176
234 175
234 174
234 173
234 172
234 171
234 170
234 169
234 168
233 167
232 166
231 165
230 164
229 163
228 162
227 161
226 160
225 159
224 159
223 159
222 159
221 159
220 159
219 159
218 159
217 159
216 159
215 159
214 159
213 159
212 158
211 157
210 156
209 155
209 154
209 153
209 152
209 151
209 150
209 149
209 148
209 147
209 146
209 145
209 144
209 143
209 142
209 141
209 140
209 139
209 138
209 137
209 136
209 135
208 134
207 133
206 132
205 131
204 130
203 129
202 128
201 127
200 126
199 125
200 124
201 123
202 122
203 121
204 120
205 119
206 119
207 119
208 119
209 119
210 119
211 119
212 119
213 119
214 119
215 119
216 119
217 119
218 118
219 117
220 116
221 115
221 114
221 113
221 112
221 111
221 110
221 109
221 108
221 107
221 106
221 105
221 104
221 103
221 102
221 101
221 100
222 99
223 98
224 97
225 96
226 95
226 94
226 93
226 92
226 91
226 90
226 89
226 88
226 87
226 86
226 85
225 84
224 85
223 86
222 87
221 88
220 89
219 90
219 91
219 92
219 93
219 94
219 95
219 96
219 97
218 98
217 99
216 100
215 101
214 102
213 103
212 104
211 105
210 106
209 107
208 108
207 109
206 110
205 111
204 110
204 109
204 108
204 107
204 106
204 105
203 104
202 103
201 102
200 101
199 100
199 99
199 98
198 97
197 96
196 95
195 94
194 94
193 94
192 94
191 94
190 94
189 95
189 96
189 97
188 98
187 99
186 100
185 101
184 101
183 101
182 101
181 101
180 101
179 100
179 99
179 98
178 97
177 96
176 95
175 94
174 95
173 96
172 97
171 98
170 99
169 100
170 101
171 102
171 103
171 104
171 105
170 106
169 106
168 106
167 106
166 106
165 106
164 106
163 106
162 106
161 105
160 104
159 105
159 106
159 107
158 108
157 109
156 110
155 111
154 111
153 111
152 111
151 111
150 111
149 110
149 109
149 108
148 107
147 106
146 105
145 104
144 105
143 106
142 107
141 108
140 109
139 109
138 109
137 109
136 109
135 109
134 109
133 109
132 109
131 109
130 109
129 110
128 111
127 112
126 113
125 114
124 114
123 114
122 114
121 114
120 114
119 114
118 114
117 114
116 114
115 114
114 115
113 116
112 117
111 118
110 119
109 120
109 121
109 122
109 123
109 124
109 125
109 126
109 127
109 128
109 129
109 130
109 131
109 132
109 133
109 134
109 135
110 136
111 137
112 138
113 139
114 140
115 141
116 142
117 143
118 144
119 145
120 146
121 146
122 146
123 146
124 145
125 144
126 144
127 144
128 144
129 144
130 144
131 145
131 146
131 147
131 148
130 149
129 150
129 151
129 152
129 153
129 154
129 155
129 156
129 157
129 158
129 159
129 160
129 161
129 162
129 163
129 164
129 165
129 164
129 163
129 162
129 161
129 160
129 159
129 158
129 157
129 156
129 155
129 154
129 153
129 152
129 151
129 150
130 149
131 148
131 147
131 146
131 145
130 144
129 144
128 144
127 144
126 144
125 144
124 145
123 146
122 146
121 146
120 146
119 145
118 144
117 143
116 142
115 141
114 140
113 139
112 138
111 137
110 136
109 135
109 134
109 133
109 132
109 131
109 130
109 129
109 128
109 127
109 126
109 125
109 124
109 123
109 122
109 121
109 120
109 119
109 118
109 117
109 116
109 115
109 114
109 113
109 112
109 111
109 110
110 109
111 108
112 107
113 106
114 105
115 104
116 103
117 102
118 101
119 100
120 99
121 99
122 99
123 99
124 99
125 99
126 100
127 101
128 101
129 101
130 101
131 101
132 101
133 101
134 100
135 99
136 98
137 97
138 96
139 95
140 94
141 94
142 94
143 94
144 94
145 94
146 94
147 94
148 94
149 94
150 94
151 94
152 94
153 94
154 94
155 94
156 94
157 94
158 94
159 94
160 94
161 94
162 94
163 93
164 92
165 91
166 90
166 89
166 88
166 87
166 86
166 85
166 86
166 87
166 88
166 89
166 90
165 91
164 92
163 93
162 94
161 94
160 94
159 94
158 94
157 94
156 94
155 94
154 94
153 94
152 94
151 94
150 94
149 94
148 94
147 94
146 94
145 94
144 94
143 94
142 94
141 94
140 94
139 95
138 96
137 97
136 98
135 99
134 100
133 101
132 101
131 101
130 101
129 101
128 101
127 101
126 100
125 99
124 99
123 99
122 99
121 99
120 99
119 100
118 101
117 102
116 103
115 104
114 105
113 106
112 107
111 108
110 109
109 110
109 111
109 112
109 113
109 114
109 115
110 116
111 116
112 116
113 116
114 115
115 114
116 114
117 114
118 114
119 114
120 114
121 114
122 114
123 114
124 114
125 114
126 113
127 112
128 111
129 110
130 109
131 109
132 109
133 109
134 109
135 109
136 109
137 109
138 109
139 109
140 109
141 108
142 107
143 106
144 105
145 104
146 105
147 106
148 107
149 108
149 109
149 110
150 111
151 111
152 111
153 111
154 111
155 111
156 110
157 109
158 108
159 107
159 106
159 105
160 104
161 105
162 106
163 106
164 106
165 106
166 106
167 106
168 106
169 106
170 106
171 105
171 104
171 103
171 102
170 101
169 100
170 99
171 98
172 97
173 96
174 95
175 94
176 95
177 96
178 97
179 98
179 99
179 100
180 101
181 101
182 101
183 101
184 101
185 101
186 100
187 99
188 98
189 97
189 96
189 95
190 94
191 94
192 94
193 94
194 94
195 94
196 95
197 96
198 97
199 98
199 99
199 100
200 101
201 102
202 103
203 104
204 105
204 106
204 107
204 108
204 109
204 110
205 111
206 110
207 109
208 108
209 107
210 106
211 105
212 104
213 103
214 102
215 101
216 100
216 99
216 98
216 97
216 96
216 95
216 94
216 93
217 92
218 91
219 90
220 89
221 88
222 87
223 86
224 85
225 84
226 85
226 86
226 87
226 88
226 89
226 90
226 91
226 92
226 93
226 94
226 95
226 96
226 97
226 98
225 99
224 100
224 101
224 102
224 103
224 104
224 105
224 106
224 107
224 108
224 109
224 110
224 111
224 112
223 113
222 114
221 115
220 116
219 117
218 118
217 119
216 119
215 119
214 119
213 119
212 119
211 119
210 119
209 119
208 119
207 119
206 119
205 119
204 120
203 121
202 122
201 123
200 124
199 125
200 126
201 127
202 128
203 129
204 130
205 131
206 132
207 133
208 134
209 135
209 136
209 137
209 138
209 139
209 140
209 141
209 142
209 143
209 144
209 145
209 146
209 147
209 148
209 149
209 150
209 151
209 152
209 153
209 154
209 155
210 156
211 157
212 158
213 159
214 159
215 159
216 159
217 159
218 159
219 159
220 159
221 159
222 159
223 159
224 159
225 159
226 160
227 161
228 162
229 163
230 164
231 164
232 164
233 164
234 164
235 164
236 165
237 166
238 167
239 168
239 169
239 170
240 171
241 172
242 173
243 174
244 174
245 174
246 175
247 176
248 176
249 176
250 176
251 176
252 176
253 176
254 176
255 176
256 176
257 176
258 176
259 176
260 176
261 176
262 176
263 176
264 176
265 176
266 176
267 176
268 176
269 175
270 174
271 175
272 176
273 177
274 178
275 179
276 179
277 179
278 179
279 179
280 179
281 180
281 181
281 182
282 183
283 184
284 185
285 186
286 187
287 188
288 189
289 190
290 191
291 192
292 193
293 194
294 195
295 196
296 197
297 198
298 199
299 200
300 201
301 201
302 201
303 201
304 201
305 201
306 201
307 201
308 201
309 201
310 201
311 200
311 199
311 198
311 197
311 196
311 195
311 194
311 193
311 192
311 191
311 190
311 189
311 188
311 187
311 186
311 185
311 184
311 183
312 182
313 181
314 180
315 179
316 180
316 181
316 182
317 183
318 184
319 185
320 186
321 186
322 186
323 186
324 186
325 186
326 185
326 184
326 183
326 182
326 181
326 180
326 179
326 178
326 177
326 176
326 175
326 174
326 173
327 172
328 171
329 170
330 169
331 170
331 171
331 172
331 173
331 174
331 175
332 176
333 177
334 178
335 179
336 180
336 181
336 182
336 183
336 184
336 185
336 186
336 187
336 188
335 189
334 190
333 191
332 192
331 193
330 194
329 195
329 196
329 197
329 198
330 199
331 200
331 201
331 202
331 203
330 204
329 205
329 206
329 207
329 208
329 209
329 210
328 211
327 212
326 213
325 214
324 215
325 216
326 217
327 218
328 219
329 219
330 219
331 219
332 219
333 219
334 219
335 219
336 219
337 219
338 219
339 219
340 219
341 220
342 221
343 221
344 221
345 221
346 221
347 221
348 221
349 221
350 221
351 221
352 221
353 221
354 221
355 221
356 220
355 219
354 218
353 217
352 216
351 215
351 214
351 213
351 212
351 211
351 210
351 209
351 208
351 207
351 206
351 205
351 204
351 203
351 202
351 201
351 200
350 199
349 199
348 199
347 198
346 197
345 196
344 195
345 194
346 194
347 194
348 193
349 192
350 191
351 190
351 189
351 188
352 187
353 186
354 185
355 184
356 184
357 184
358 184
359 184
360 184
361 184
362 184
363 184
364 184
365 184
366 183
367 182
368 181
369 180
370 179
371 179
372 179
373 179
374 179
375 179
376 180
376 181
376 182
376 183
376 184
376 185
377 186
378 187
379 188
380 189
381 190
382 191
383 192
384 193
385 194
386 195
385 196
384 197
383 198
382 199
381 200
380 201
379 200
378 199
377 198
376 197
376 196
376 195
375 194
374 195
373 196
372 197
371 198
370 199
369 200
369 201
369 202
369 203
370 204
371 205
371 206
371 207
371 208
371 209
371 210
371 211
371 212
371 213
371 214
371 215
370 216
369 217
369 218
369 219
369 220
370 221
371 222
372 223
373 224
374 224
375 224
376 224
377 224
378 224
379 224
380 224
381 225
381 226
381 227
381 228
381 229
381 230
381 231
381 232
381 233
381 234
381 235
381 236
381 237
381 238
381 239
381 240
380 241
379 242
378 243
377 244
376 245
375 246
374 247
373 248
372 249
371 249
370 249
369 249
368 249
367 249
366 249
365 249
364 250
365 251
366 252
367 253
368 254
369 254
370 254
371 255
370 256
369 257
368 258
367 259
366 260
365 261
364 262
363 263
362 264
361 264
360 264
359 264
358 264
357 264
356 264
355 264
354 265
353 266
352 267
351 268
350 269
349 270
348 271
347 272
346 273
346 274
346 275
345 276
344 277
343 278
342 279
341 279
340 279
339 280
340 281
341 281
342 281
343 281
344 281
345 281
346 281
347 281
348 282
349 283
350 284
351 285
351 286
351 287
352 288
353 289
354 290
355 291
356 290
356 289
356 288
357 287
358 286
359 285
360 284
361 284
362 284
363 284
364 285
365 286
366 287
367 288
368 289
369 290
370 291
371 292
372 293
373 294
374 295
375 296
376 296
377 296
378 296
379 296
380 296
381 296
382 296
383 297
384 298
385 299
386 300
385 301
384 302
384 303
384 304
384 305
384 306
384 307
384 308
384 309
384 310
385 311
386 311
387 311
388 311
389 311
390 311
391 311
392 311
393 311
394 311
395 311
396 312
397 313
398 314
399 315
400 316
401 316
402 316
403 316
404 316
405 316
406 316
407 316
408 316
409 316
410 316
411 316
412 316
413 317
414 318
415 319
416 320
416 321
416 322
416 323
416 324
416 325
416 326
416 327
416 328
416 329
416 330
416 329
416 328
416 327
416 326
416 325
416 324
416 323
416 322
416 321
416 320
415 319
414 319
413 319
412 319
411 319
410 319
409 319
408 319
407 319
406 319
405 319
404 319
403 319
402 319
401 319
400 319
399 318
398 317
397 316
396 315
395 314
394 314
393 314
392 314
391 314
390 314
389 314
388 314
387 313
386 312
385 311
384 310
384 309
384 308
384 307
384 306
384 305
384 304
384 303
384 302
385 301
386 300
385 299
384 299
383 299
382 299
381 299
380 299
379 299
378 299
377 299
376 299
375 299
374 298
373 297
372 296
371 295
370 294
369 293
368 292
367 291
366 290
365 289
364 288
363 287
362 286
361 285
360 284
359 285
358 286
357 287
356 288
356 289
356 290
355 291
354 290
353 289
352 288
351 287
351 286
351 285
350 284
349 284
348 284
347 284
346 284
345 284
344 284
343 284
342 283
341 282
340 281
339 280
340 279
341 279
342 279
343 278
344 277
345 276
346 275
346 274
346 273
347 272
348 271
349 270
350 269
351 268
352 267
353 266
354 265
355 264
356 264
357 264
358 264
359 264
360 264
361 264
362 264
363 263
364 262
365 261
366 260
367 259
368 258
369 257
370 256
371 255
370 254
369 254
368 254
367 254
366 254
365 254
364 253
363 252
362 251
361 250
360 249
359 250
358 251
357 252
356 253
356 254
356 255
355 256
354 255
353 254
352 253
351 252
351 251
351 250
350 249
349 248
349 247
349 246
349 245
350 244
351 244
352 244
353 244
354 244
355 244
356 244
357 244
358 244
359 244
360 244
361 244
362 244
363 244
364 244
365 244
366 244
367 244
368 243
369 242
370 241
371 240
370 239
369 239
368 239
367 239
366 239
365 239
364 239
363 239
362 239
361 239
360 239
359 238
358 237
357 236
356 235
355 234
354 234
353 234
352 234
351 234
350 234
349 234
348 234
347 234
346 234
345 234
344 235
343 236
342 237
341 238
341 239
341 240
341 241
341 242
341 243
341 244
341 245
340 246
339 245
338 244
337 243
336 242
336 241
336 240
336 239
336 238
336 237
336 236
336 235
335 234
334 235
333 236
332 237
331 238
331 239
331 240
330 241
329 242
328 243
327 244
326 244
325 244
324 245
324 246
324 247
323 248
322 249
321 250
320 251
319 252
318 253
317 254
316 254
315 254
314 255
314 256
314 257
314 258
314 259
314 260
314 261
314 262
314 263
314 264
314 265
314 266
314 267
314 268
314 269
314 270
314 271
314 272
314 273
314 274
314 275
314 276
314 277
313 278
313 279
312 280
312 281
311 282
311 283
311 284
311 285
310 286
309 287
309 288
308 289
308 290
307 291
307 292
306 293
305 294
304 295
305 296
0.000000 639.298584
Incorrect path legth
<end of output>
Test time =  63.13 sec
----------------------------------------------------------
Test Failed.
"Test3" end time: Mar 06 18:16 MSK
"Test3" time elapsed: 00:01:03
----------------------------------------------------------

4/12 Testing: Test4
4/12 Test: Test4
Command: "/Users/drewsemakov/PathPlanningProject/Build/Debug/Tests/testbench" "../../../TestData/3_test.xml"
Directory: /Users/drewsemakov/PathPlanningProject/Build/Debug/Tests
"Test4" start time: Mar 06 18:16 MSK
Output:
----------------------------------------------------------
Warning! Value of'metrictype' is not correctly specified.
Value of 'metrictype' was defined to 'euclidean'
tiny
Warning! Value of 'logpath' tag is missing!
Value of 'logpath' tag was defined to 'current directory'.
Warning! Value of 'logfilename' tag is missing.
Value of 'logfilename' tag was defined to default (original filename +'_log' + original file extension.
249 163
249 164
249 165
250 166
251 165
251 164
251 163
251 162
251 161
251 160
251 159
251 158
251 157
251 156
251 155
251 154
251 153
252 152
253 151
254 150
255 149
256 149
257 149
258 149
259 149
260 149
261 150
261 151
261 152
261 153
260 154
259 155
259 156
259 157
259 158
260 159
261 160
261 161
261 162
262 163
263 164
264 165
265 166
266 166
267 166
268 166
269 165
270 164
271 164
272 164
273 164
274 164
275 164
276 165
276 166
276 167
276 168
276 169
276 170
276 171
276 172
276 173
275 174
274 175
275 176
276 177
277 178
278 179
279 179
280 179
281 180
281 181
281 182
282 183
283 184
284 185
285 186
286 187
287 188
288 189
289 190
290 191
291 192
292 193
293 194
294 195
295 196
296 197
297 198
298 199
299 200
300 201
301 201
302 201
303 201
304 201
305 201
306 201
307 201
308 201
309 201
310 201
311 200
311 199
311 198
311 197
311 196
311 195
311 194
311 193
311 192
311 191
311 190
311 189
311 188
311 187
311 186
311 185
311 184
311 183
312 182
313 181
314 180
315 179
316 180
316 181
316 182
317 183
318 184
319 185
320 186
319 185
319 184
319 183
318 182
317 181
316 180
315 179
314 180
314 181
314 182
314 183
314 184
314 185
314 186
314 187
314 188
314 189
314 190
314 191
314 192
314 193
314 194
314 195
314 196
314 197
313 198
312 199
311 200
310 201
309 202
308 203
307 204
306 204
305 204
304 204
303 204
302 204
301 204
300 204
299 205
299 206
299 207
299 208
300 209
301 210
301 209
301 208
301 207
300 206
299 205
299 204
299 203
299 202
299 201
299 200
298 199
297 198
296 197
295 196
294 195
293 194
292 193
291 192
290 191
289 190
288 189
287 188
286 187
285 186
284 185
284 184
284 183
283 182
282 181
281 180
280 179
279 179
278 179
277 179
276 179
275 179
274 178
273 177
272 176
271 175
270 174
269 175
268 176
267 176
266 176
265 176
264 176
263 176
262 176
261 176
260 176
259 176
258 176
257 176
256 176
255 176
254 176
253 176
252 176
251 176
250 176
249 176
248 176
247 176
246 175
245 174
244 174
243 174
242 173
241 172
240 171
239 170
239 169
239 168
238 167
237 166
236 165
235 164
234 165
234 166
234 167
234 168
234 169
234 170
234 171
234 172
234 173
234 174
234 175
234 176
234 177
234 178
234 179
234 180
234 181
234 182
234 183
234 184
234 185
234 186
234 187
234 188
234 189
234 190
234 191
234 192
234 193
234 194
234 195
234 194
234 193
234 192
234 191
234 190
234 189
234 188
234 187
234 186
234 185
234 184
234 183
234 182
234 181
234 180
234 179
234 178
234 177
234 176
234 175
234 174
234 173
234 172
234 171
234 170
234 169
234 168
233 167
232 166
231 165
230 164
229 163
228 162
227 161
226 160
225 159
224 159
223 159
222 159
221 159
220 159
219 159
218 159
217 159
216 159
215 159
214 159
213 159
212 158
211 157
210 156
209 155
209 154
209 153
209 152
209 151
209 150
209 149
209 148
209 147
209 146
209 145
209 144
209 143
209 142
209 141
209 140
209 139
209 138
209 137
209 136
209 135
208 134
207 133
206 132
205 131
204 130
203 129
202 128
201 127
200 126
199 125
200 124
201 123
202 122
203 121
204 120
205 119
206 119
207 119
208 119
209 119
210 119
211 119
212 119
213 119
214 119
215 119
216 119
217 119
218 118
219 117
220 116
221 115
221 114
221 113
221 112
221 111
221 110
221 109
221 108
221 107
221 106
221 105
221 104
221 103
221 102
221 101
221 100
222 99
223 98
224 97
225 96
226 95
226 94
226 93
226 92
226 91
226 90
226 89
226 88
226 87
226 86
226 85
225 84
224 85
223 86
222 87
221 88
220 89
219 90
219 91
219 92
219 93
219 94
219 95
219 96
219 97
218 98
217 99
216 100
215 101
214 102
213 103
212 104
211 105
210 106
209 107
208 108
207 109
206 110
205 111
204 110
204 109
204 108
204 107
204 106
204 105
203 104
202 103
201 102
200 101
199 100
199 99
199 98
198 97
197 96
196 95
195 94
194 94
193 94
192 94
191 94
190 94
189 95
189 96
189 97
188 98
187 99
186 100
185 101
184 101
183 101
182 101
181 101
180 101
179 100
179 99
179 98
178 97
177 96
176 95
175 94
174 95
173 96
172 97
171 98
170 99
169 100
170 101
171 102
171 103
171 104
171 105
170 106
169 106
168 106
167 106
166 106
165 106
164 106
163 106
162 106
161 105
160 104
159 105
159 106
159 107
158 108
157 109
156 110
155 111
154 111
153 111
152 111
151 111
150 111
149 110
149 109
149 108
148 107
147 106
146 105
145 104
144 105
143 106
142 107
141 108
140 109
139 109
138 109
137 109
136 109
135 109
134 109
133 109
132 109
131 109
130 109
129 110
128 111
127 112
126 113
125 114
124 114
123 114
122 114
121 114
120 114
119 114
118 114
117 114
116 114
115 114
114 115
113 116
112 117
111 118
110 119
109 120
109 121
109 122
109 123
109 124
109 125
109 126
109 127
109 128
109 129
109 130
109 131
109 132
109 133
109 134
109 135
110 136
111 137
112 138
113 139
114 140
115 141
116 142
117 143
118 144
119 145
120 146
121 146
122 146
123 146
124 145
125 144
126 144
127 144
128 144
129 144
130 144
131 145
131 146
131 147
131 148
130 149
129 150
129 151
129 152
129 153
129 154
129 155
129 156
129 157
129 158
129 159
129 160
129 161
129 162
129 163
129 164
129 165
129 164
129 163
129 162
129 161
129 160
129 159
129 158
129 157
129 156
129 155
129 154
129 153
129 152
129 151
129 150
130 149
131 148
131 147
131 146
131 145
130 144
129 144
128 144
127 144
126 144
125 144
124 145
123 146
122 146
121 146
120 146
119 145
118 144
117 143
116 142
115 141
114 140
113 139
112 138
111 137
110 136
109 135
109 134
109 133
109 132
109 131
109 130
109 129
109 128
109 127
109 126
109 125
109 124
109 123
109 122
109 121
109 120
109 119
109 118
109 117
109 116
109 115
109 114
109 113
109 112
109 111
109 110
110 109
111 108
112 107
113 106
114 105
115 104
116 103
117 102
118 101
119 100
120 99
121 99
122 99
123 99
124 99
125 99
126 100
127 101
128 101
129 101
130 101
131 101
132 101
133 101
134 100
135 99
136 98
137 97
138 96
139 95
140 94
141 94
142 94
143 94
144 94
145 94
146 94
147 94
148 94
149 94
150 94
151 94
152 94
153 94
154 94
155 94
156 94
157 94
158 94
159 94
160 94
161 94
162 94
163 93
164 92
165 91
166 90
166 89
166 88
166 87
166 86
166 85
166 86
166 87
166 88
166 89
166 90
165 91
164 92
163 93
162 94
161 94
160 94
159 94
158 94
157 94
156 94
155 94
154 94
153 94
152 94
151 94
150 94
149 94
148 94
147 94
146 94
145 94
144 94
143 94
142 94
141 94
140 94
139 95
138 96
137 97
136 98
135 99
134 100
133 101
132 101
131 101
130 101
129 101
128 101
127 101
126 100
125 99
124 99
123 99
122 99
121 99
120 99
119 100
118 101
117 102
116 103
115 104
114 105
113 106
112 107
111 108
110 109
109 110
109 111
109 112
109 113
109 114
109 115
110 116
111 116
112 116
113 116
114 115
115 114
116 114
117 114
118 114
119 114
120 114
121 114
122 114
123 114
124 114
125 114
126 113
127 112
128 111
129 110
130 109
131 109
132 109
133 109
134 109
135 109
136 109
137 109
138 109
139 109
140 109
141 108
142 107
143 106
144 105
145 104
146 105
147 106
148 107
149 108
149 109
149 110
150 111
151 111
152 111
153 111
154 111
155 111
156 110
157 109
158 108
159 107
159 106
159 105
160 104
161 105
162 106
163 106
164 106
165 106
166 106
167 106
168 106
169 106
170 106
171 105
171 104
171 103
171 102
170 101
169 100
170 99
171 98
172 97
173 96
174 95
175 94
176 95
177 96
178 97
179 98
179 99
179 100
180 101
181 101
182 101
183 101
184 101
185 101
186 100
187 99
188 98
189 97
189 96
189 95
190 94
191 94
192 94
193 94
194 94
195 94
196 95
197 96
198 97
199 98
199 99
199 100
200 101
201 102
202 103
203 104
204 105
204 106
204 107
204 108
204 109
204 110
205 111
206 110
207 109
208 108
209 107
210 106
211 105
212 104
213 103
214 102
215 101
216 100
216 99
216 98
216 97
216 96
216 95
216 94
216 93
217 92
218 91
219 90
220 89
221 88
222 87
223 86
224 85
225 84
226 85
226 86
226 87
226 88
226 89
226 90
226 91
226 92
226 93
226 94
226 95
226 96
226 97
226 98
225 99
224 100
224 101
224 102
224 103
224 104
224 105
224 106
224 107
224 108
224 109
224 110
224 111
224 112
223 113
222 114
221 115
220 116
219 117
218 118
217 119
216 119
215 119
214 119
213 119
212 119
211 119
210 119
209 119
208 119
207 119
206 119
205 119
204 120
203 121
202 122
201 123
200 124
199 125
200 126
201 127
202 128
203 129
204 130
205 131
206 132
207 133
208 134
209 135
209 136
209 137
209 138
209 139
209 140
209 141
209 142
209 143
209 144
209 145
209 146
209 147
209 148
209 149
209 150
209 151
209 152
209 153
209 154
209 155
210 156
211 157
212 158
213 159
214 159
215 159
216 159
217 159
218 159
219 159
220 159
221 159
222 159
223 159
224 159
225 159
226 160
227 161
228 162
229 163
230 164
231 164
232 164
233 164
234 164
235 164
236 165
237 166
238 167
239 168
239 169
239 170
240 171
241 172
242 173
243 174
244 174
245 174
246 175
247 176
248 176
249 176
250 176
251 176
252 176
253 176
254 176
255 176
256 176
257 176
258 176
259 176
260 176
261 176
262 176
263 176
264 176
265 176
266 176
267 176
268 176
269 175
270 174
271 175
272 176
273 177
274 178
275 179
276 179
277 179
278 179
279 179
280 179
281 180
281 181
281 182
282 183
283 184
284 185
285 186
286 187
287 188
288 189
289 190
290 191
291 192
292 193
293 194
294 195
295 196
296 197
297 198
298 199
299 200
300 201
301 201
302 201
303 201
304 201
305 201
306 201
307 201
308 201
309 201
310 201
311 200
311 199
311 198
311 197
311 196
311 195
311 194
311 193
311 192
311 191
311 190
311 189
311 188
311 187
311 186
311 185
311 184
311 183
312 182
313 181
314 180
315 179
316 180
316 181
316 182
317 183
318 184
319 185
320 186
321 186
322 186
323 186
324 186
325 186
326 185
326 184
326 183
326 182
326 181
326 180
326 179
326 178
326 177
326 176
326 175
326 174
326 173
327 172
328 171
329 170
330 169
331 170
331 171
331 172
331 173
331 174
331 175
332 176
333 177
334 178
335 179
336 180
336 181
336 182
336 183
336 184
336 185
336 186
336 187
336 188
335 189
334 190
333 191
332 192
331 193
330 194
329 195
329 196
329 197
329 198
330 199
331 200
331 201
331 202
331 203
330 204
329 205
329 206
329 207
329 208
329 209
329 210
328 211
327 212
326 213
325 214
324 215
325 216
326 217
327 218
328 219
329 219
330 219
331 219
332 219
333 219
334 219
335 219
336 219
337 219
338 219
339 219
340 219
341 220
342 221
343 221
344 221
345 221
346 221
347 221
348 221
349 221
350 221
351 221
352 221
353 221
354 221
355 221
356 220
355 219
354 218
353 217
352 216
351 215
351 214
351 213
351 212
351 211
351 210
351 209
351 208
351 207
351 206
351 205
351 204
351 203
351 202
351 201
351 200
350 199
349 199
348 199
347 198
346 197
345 196
344 195
345 194
346 194
347 194
348 193
349 192
350 191
351 190
351 189
351 188
352 187
353 186
354 185
355 184
356 184
357 184
358 184
359 184
360 184
361 184
362 184
363 184
364 184
365 184
366 183
367 182
368 181
369 180
370 179
371 179
372 179
373 179
374 179
375 179
376 180
376 181
376 182
376 183
376 184
376 185
377 186
378 187
379 188
380 189
381 190
382 191
383 192
384 193
385 194
386 195
385 196
384 197
383 198
382 199
381 200
380 201
379 200
378 199
377 198
376 197
376 196
376 195
375 194
374 195
373 196
372 197
371 198
370 199
369 200
369 201
369 202
369 203
370 204
371 205
371 206
371 207
371 208
371 209
371 210
371 211
371 212
371 213
371 214
371 215
370 216
369 217
369 218
369 219
369 220
370 221
371 222
372 223
373 224
374 224
375 224
376 224
377 224
378 224
379 224
380 224
381 225
381 226
381 227
381 228
381 229
381 230
381 231
381 232
381 233
381 234
381 235
381 236
381 237
381 238
381 239
381 240
380 241
379 242
378 243
377 244
376 245
375 246
374 247
373 248
372 249
371 249
370 249
369 249
368 249
367 249
366 249
365 249
364 250
365 251
366 252
367 253
368 254
369 254
370 254
371 255
370 256
369 257
368 258
367 259
366 260
365 261
364 262
363 263
362 264
361 264
360 264
359 264
358 264
357 264
356 264
355 264
354 265
353 266
352 267
351 268
350 269
349 270
348 271
347 272
346 273
346 274
346 275
345 276
344 277
343 278
342 279
341 279
340 279
339 280
340 281
341 281
342 281
343 281
344 281
345 281
346 281
347 281
348 282
349 283
350 284
351 285
351 286
351 287
352 288
353 289
354 290
355 291
356 290
356 289
356 288
357 287
358 286
359 285
360 284
361 284
362 284
363 284
364 285
365 286
366 287
367 288
368 289
369 290
370 291
371 292
372 293
373 294
374 295
375 296
376 296
377 296
378 296
379 296
380 296
381 296
382 296
383 297
384 298
385 299
386 300
385 301
384 302
384 303
384 304
384 305
384 306
384 307
384 308
384 309
384 310
385 311
386 311
387 311
388 311
389 311
390 311
391 311
392 311
393 311
394 311
395 311
396 312
397 313
398 314
399 315
400 316
401 316
402 316
403 316
404 316
405 316
406 316
407 316
408 316
409 316
410 316
411 316
412 316
413 317
414 318
415 319
416 320
416 321
416 322
416 323
416 324
416 325
416 326
416 327
416 328
416 329
416 330
416 329
416 328
416 327
416 326
416 325
416 324
416 323
416 322
416 321
416 320
415 319
414 319
413 319
412 319
411 319
410 319
409 319
408 319
407 319
406 319
405 319
404 319
403 319
402 319
401 319
400 319
399 318
398 317
397 316
396 315
395 314
394 314
393 314
392 314
391 314
390 314
389 314
388 314
387 313
386 312
385 311
384 310
384 309
384 308
384 307
384 306
384 305
384 304
384 303
384 302
385 301
386 300
385 299
384 299
383 299
382 299
381 299
380 299
379 299
378 299
377 299
376 299
375 299
374 298
373 297
372 296
371 295
370 294
369 293
368 292
367 291
366 290
365 289
364 288
363 287
362 286
361 285
360 284
359 285
358 286
357 287
356 288
356 289
356 290
355 291
354 290
353 289
352 288
351 287
351 286
351 285
350 284
349 284
348 284
347 284
346 284
345 284
344 284
343 284
342 283
341 282
340 281
339 280
340 279
341 279
342 279
343 278
344 277
345 276
346 275
346 274
346 273
347 272
348 271
349 270
350 269
351 268
352 267
353 266
354 265
355 264
356 264
357 264
358 264
359 264
360 264
361 264
362 264
363 263
364 262
365 261
366 260
367 259
368 258
369 257
370 256
371 255
370 254
369 254
368 254
367 254
366 254
365 254
364 253
363 252
362 251
361 250
360 249
359 250
358 251
357 252
356 253
356 254
356 255
355 256
354 255
353 254
352 253
351 252
351 251
351 250
350 249
349 248
349 247
349 246
349 245
350 244
351 244
352 244
353 244
354 244
355 244
356 244
357 244
358 244
359 244
360 244
361 244
362 244
363 244
364 244
365 244
366 244
367 244
368 243
369 242
370 241
371 240
370 239
369 239
368 239
367 239
366 239
365 239
364 239
363 239
362 239
361 239
360 239
359 238
358 237
357 236
356 235
355 234
354 234
353 234
352 234
351 234
350 234
349 234
348 234
347 234
346 234
345 234
344 235
343 236
342 237
341 238
341 239
341 240
341 241
341 242
341 243
341 244
341 245
340 246
339 245
338 244
337 243
336 242
336 241
336 240
336 239
336 238
336 237
336 236
336 235
335 234
334 235
333 236
332 237
331 238
331 239
331 240
330 241
329 242
328 243
327 244
326 244
325 244
324 245
324 246
324 247
323 248
322 249
321 250
320 251
319 252
318 253
317 254
316 254
315 254
314 255
314 256
314 257
314 258
314 259
314 260
314 261
314 262
314 263
314 264
314 265
314 266
314 267
314 268
314 269
314 270
314 271
314 272
314 273
314 274
314 275
314 276
314 277
313 278
313 279
312 280
312 281
311 282
311 283
311 284
311 285
310 286
309 287
309 288
308 289
308 290
307 291
307 292
306 293
305 294
304 295
305 296
0.000000 639.298584
Incorrect path legth
<end of output>
Test time =  66.18 sec
----------------------------------------------------------
Test Failed.
"Test4" end time: Mar 06 18:18 MSK
"Test4" time elapsed: 00:01:06
----------------------------------------------------------

5/12 Testing: Test5
5/12 Test: Test5
Command: "/Users/drewsemakov/PathPlanningProject/Build/Debug/Tests/testbench" "../../../TestData/4_test.xml"
Directory: /Users/drewsemakov/PathPlanningProject/Build/Debug/Tests
"Test5" start time: Mar 06 18:18 MSK
Output:
----------------------------------------------------------
Warning! Value of'metrictype' is not correctly specified.
Value of 'metrictype' was defined to 'euclidean'
tiny
Warning! Value of 'logpath' tag is missing!
Value of 'logpath' tag was defined to 'current directory'.
Warning! Value of 'logfilename' tag is missing.
Value of 'logfilename' tag was defined to default (original filename +'_log' + original file extension.
249 163
249 164
249 165
249 166
250 166
251 166
251 165
251 164
251 163
251 162
251 161
251 160
251 159
251 158
251 157
251 156
251 155
251 154
251 153
251 152
252 151
253 150
254 149
255 149
256 149
257 149
258 149
259 149
260 149
261 149
261 150
261 151
261 152
260 153
259 154
259 155
259 156
259 157
260 158
261 159
261 160
261 161
261 162
261 163
262 164
263 165
264 166
265 166
266 166
267 166
268 165
269 164
270 164
271 164
272 164
273 164
274 164
275 164
276 164
276 165
276 166
276 167
276 168
276 169
276 170
276 171
276 172
275 173
274 174
274 175
274 176
275 177
276 178
277 179
278 179
279 179
280 179
281 179
281 180
281 181
281 182
281 183
282 184
283 185
284 186
285 187
286 188
287 189
288 190
289 191
290 192
291 193
292 194
293 195
294 196
295 197
296 198
297 199
298 200
299 201
300 201
301 201
302 201
303 201
304 201
305 201
306 201
307 201
308 201
309 201
310 201
311 201
311 200
311 199
311 198
311 197
311 196
311 195
311 194
311 193
311 192
311 191
311 190
311 189
311 188
311 187
311 186
311 185
311 184
311 183
311 182
312 181
313 180
314 179
315 179
316 179
316 180
316 181
316 182
316 183
317 184
318 185
319 186
320 186
319 186
319 185
319 184
319 183
319 182
318 181
317 180
316 179
315 179
314 179
314 180
314 181
314 182
314 183
314 184
314 185
314 186
314 187
314 188
314 189
314 190
314 191
314 192
314 193
314 194
314 195
314 196
314 197
314 198
313 199
312 200
311 201
310 202
309 203
308 204
307 204
306 204
305 204
304 204
303 204
302 204
301 204
300 204
299 204
299 205
299 206
299 207
300 208
301 209
301 210
301 209
301 208
300 207
299 206
299 205
299 204
299 203
299 202
299 201
298 200
297 199
296 198
295 197
294 196
293 195
292 194
291 193
290 192
289 191
288 190
287 189
286 188
285 187
284 186
284 185
284 184
284 183
284 182
283 181
282 180
281 179
280 179
279 179
278 179
277 179
276 179
275 178
274 177
273 176
272 175
271 174
270 174
269 174
268 175
267 176
266 176
265 176
264 176
263 176
262 176
261 176
260 176
259 176
258 176
257 176
256 176
255 176
254 176
253 176
252 176
251 176
250 176
249 176
248 176
247 175
246 174
245 174
244 174
243 174
242 174
241 173
240 172
239 171
239 170
239 169
239 168
239 167
238 166
237 165
236 164
235 164
234 164
234 165
234 166
234 167
234 168
234 169
234 170
234 171
234 172
234 173
234 174
234 175
234 176
234 177
234 178
234 179
234 180
234 181
234 182
234 183
234 184
234 185
234 186
234 187
234 188
234 189
234 190
234 191
234 192
234 193
234 194
234 195
234 194
234 193
234 192
234 191
234 190
234 189
234 188
234 187
234 186
234 185
234 184
234 183
234 182
234 181
234 180
234 179
234 178
234 177
234 176
234 175
234 174
234 173
234 172
234 171
234 170
234 169
234 168
234 167
233 166
232 165
231 164
230 163
229 162
228 161
227 160
226 159
225 159
224 159
223 159
222 159
221 159
220 159
219 159
218 159
217 159
216 159
215 159
214 159
213 159
212 159
211 158
210 157
209 156
209 155
209 154
209 153
209 152
209 151
209 150
209 149
209 148
209 147
209 146
209 145
209 144
209 143
209 142
209 141
209 140
209 139
209 138
209 137
209 136
208 135
207 134
206 133
205 132
204 131
203 130
202 129
201 128
200 127
199 126
199 125
199 124
200 123
201 122
202 121
203 120
204 119
205 119
206 119
207 119
208 119
209 119
210 119
211 119
212 119
213 119
214 119
215 119
216 119
217 119
218 119
219 118
220 117
221 116
221 115
221 114
221 113
221 112
221 111
221 110
221 109
221 108
221 107
221 106
221 105
221 104
221 103
221 102
221 101
222 100
223 99
224 98
225 97
226 96
226 95
226 94
226 93
226 92
226 91
226 90
226 89
226 88
226 87
226 86
226 85
226 84
225 84
224 84
223 85
222 86
221 87
220 88
219 89
219 90
219 91
219 92
219 93
219 94
219 95
219 96
219 97
219 98
218 99
217 100
216 101
215 102
214 103
213 104
212 105
211 106
210 107
209 108
208 109
207 110
206 111
205 111
204 111
204 110
204 109
204 108
204 107
204 106
203 105
202 104
201 103
[...]
311 186
311 185
311 184
311 183
311 182
311 181
311 180
311 179
312 179
313 179
314 179
315 179
316 179
316 180
316 181
316 182
316 183
316 184
316 185
316 186
317 186
318 186
319 186
320 186
319 186
318 186
317 186
316 186
316 185
316 184
316 183
316 182
316 181
316 180
316 179
315 179
314 179
313 179
312 179
311 179
311 180
311 181
311 182
311 183
311 184
311 185
311 186
311 187
311 188
311 189
311 190
311 191
311 192
311 193
311 194
311 195
311 196
311 197
311 198
311 199
311 200
311 201
310 201
309 201
308 201
307 201
306 201
305 201
305 202
305 203
305 204
304 204
303 204
302 204
301 204
300 204
299 204
299 205
299 206
299 207
299 208
299 209
300 209
301 209
301 210
301 209
300 209
299 209
298 209
297 209
296 209
296 208
296 207
296 206
296 205
296 204
296 203
296 202
296 201
296 200
296 199
295 199
294 199
293 199
292 199
291 199
291 198
291 197
291 196
291 195
291 194
290 194
289 194
288 194
287 194
286 194
286 193
286 192
286 191
286 190
286 189
285 189
284 189
283 189
282 189
281 189
281 188
281 187
281 186
281 185
281 184
281 183
281 182
281 181
281 180
281 179
280 179
279 179
278 179
277 179
276 179
275 179
274 179
273 179
272 179
271 179
271 178
271 177
271 176
271 175
271 174
270 174
269 174
269 175
269 176
268 176
267 176
266 176
265 176
264 176
263 176
262 176
261 176
260 176
259 176
258 176
257 176
256 176
255 176
254 176
253 176
252 176
251 176
250 176
249 176
248 176
247 176
246 176
246 175
246 174
245 174
244 174
243 174
242 174
241 174
240 174
239 174
238 174
237 174
236 174
236 173
236 172
236 171
236 170
236 169
236 168
236 167
236 166
236 165
236 164
235 164
234 164
234 165
234 166
234 167
234 168
234 169
234 170
234 171
234 172
234 173
234 174
234 175
234 176
234 177
234 178
234 179
234 180
234 181
234 182
234 183
234 184
234 185
234 186
234 187
234 188
234 189
234 190
234 191
234 192
234 193
234 194
234 195
233 195
232 195
231 195
231 194
231 193
231 192
231 191
231 190
231 189
231 188
231 187
231 186
231 185
231 184
231 183
231 182
231 181
231 180
231 179
231 178
231 177
231 176
231 175
231 174
231 173
231 172
231 171
231 170
231 169
231 168
231 167
231 166
231 165
231 164
230 164
229 164
228 164
227 164
226 164
226 163
226 162
226 161
226 160
226 159
225 159
224 159
223 159
222 159
221 159
220 159
219 159
218 159
217 159
216 159
215 159
214 159
213 159
212 159
211 159
210 159
209 159
208 159
207 159
206 159
206 158
206 157
206 156
206 155
206 154
206 153
206 152
206 151
206 150
206 149
206 148
206 147
206 146
206 145
206 144
206 143
206 142
206 141
206 140
206 139
206 138
206 137
206 136
206 135
206 134
205 134
204 134
203 134
202 134
201 134
201 133
201 132
201 131
201 130
201 129
200 129
199 129
199 128
199 127
199 126
199 125
199 124
200 124
201 124
202 124
203 124
204 124
204 123
204 122
204 121
204 120
204 119
205 119
206 119
207 119
208 119
209 119
210 119
211 119
212 119
213 119
214 119
215 119
216 119
217 119
218 119
219 119
220 119
221 119
222 119
223 119
224 119
224 118
224 117
224 116
224 115
224 114
224 113
224 112
224 111
224 110
224 109
224 108
224 107
224 106
224 105
224 104
224 103
224 102
224 101
224 100
224 99
225 99
226 99
226 98
226 97
226 96
226 95
226 94
226 93
226 92
226 91
226 90
226 89
226 88
226 87
226 86
226 85
226 84
225 84
224 84
224 85
224 86
224 87
224 88
224 89
223 89
222 89
221 89
220 89
219 89
219 90
219 91
219 92
219 93
219 94
219 95
219 96
219 97
219 98
219 99
219 100
219 101
219 102
219 103
219 104
218 104
217 104
216 104
215 104
214 104
214 105
214 106
214 107
214 108
214 109
213 109
212 109
211 109
210 109
209 109
209 110
209 111
208 111
207 111
206 111
205 111
204 111
203 111
202 111
201 111
201 110
201 109
201 108
201 107
201 106
201 105
201 104
200 104
199 104
198 104
197 104
196 104
196 103
196 102
196 101
196 100
196 99
196 98
196 97
196 96
196 95
196 94
195 94
194 94
193 94
192 94
191 94
190 94
189 94
189 95
189 96
189 97
189 98
189 99
189 100
189 101
188 101
187 101
186 101
185 101
184 101
183 101
182 101
181 101
180 101
179 101
178 101
177 101
176 101
176 100
176 99
176 98
176 97
176 96
176 95
176 94
175 94
174 94
174 95
174 96
174 97
174 98
174 99
173 99
172 99
171 99
170 99
169 99
169 100
169 101
169 102
169 103
169 104
170 104
171 104
171 105
171 106
170 106
169 106
168 106
167 106
166 106
165 106
164 106
163 106
162 106
161 106
161 105
161 104
160 104
159 104
159 105
159 106
159 107
159 108
159 109
159 110
159 111
158 111
157 111
156 111
155 111
154 111
153 111
152 111
151 111
150 111
149 111
148 111
147 111
146 111
146 110
146 109
146 108
146 107
146 106
146 105
146 104
145 104
144 104
144 105
144 106
144 107
144 108
144 109
143 109
142 109
141 109
140 109
139 109
138 109
137 109
136 109
135 109
134 109
133 109
132 109
131 109
130 109
129 109
129 110
129 111
129 112
129 113
129 114
128 114
127 114
126 114
125 114
124 114
123 114
122 114
121 114
120 114
119 114
118 114
117 114
116 114
115 114
114 114
114 115
114 116
114 117
114 118
114 119
113 119
112 119
111 119
110 119
109 119
109 120
109 121
109 122
109 123
109 124
109 125
109 126
109 127
109 128
109 129
109 130
109 131
109 132
109 133
109 134
109 135
109 136
109 137
109 138
109 139
110 139
111 139
111 140
111 141
111 142
111 143
111 144
112 144
113 144
114 144
115 144
116 144
116 145
116 146
117 146
118 146
119 146
120 146
121 146
122 146
123 146
124 146
124 145
124 144
125 144
126 144
127 144
128 144
129 144
130 144
131 144
131 145
131 146
131 147
131 148
131 149
130 149
129 149
129 150
129 151
129 152
129 153
129 154
129 155
129 156
129 157
129 158
129 159
129 160
129 161
129 162
129 163
129 164
129 165
129 164
129 163
129 162
129 161
129 160
129 159
129 158
129 157
129 156
129 155
129 154
129 153
129 152
129 151
129 150
129 149
130 149
131 149
131 148
131 147
131 146
131 145
131 144
130 144
129 144
128 144
127 144
126 144
125 144
124 144
124 145
124 146
123 146
122 146
121 146
120 146
119 146
118 146
117 146
116 146
116 145
116 144
115 144
114 144
113 144
112 144
111 144
111 143
111 142
111 141
111 140
111 139
110 139
109 139
109 138
109 137
109 136
109 135
109 134
109 133
109 132
109 131
109 130
109 129
109 128
109 127
109 126
109 125
109 124
109 123
109 122
109 121
109 120
109 119
109 118
109 117
109 116
109 115
109 114
109 113
109 112
109 111
109 110
109 109
110 109
111 109
112 109
113 109
114 109
114 108
114 107
114 106
114 105
114 104
115 104
116 104
117 104
118 104
119 104
119 103
119 102
119 101
119 100
119 99
120 99
121 99
122 99
123 99
124 99
125 99
126 99
126 100
126 101
127 101
128 101
129 101
130 101
131 101
132 101
133 101
134 101
134 100
134 99
135 99
136 99
137 99
138 99
139 99
139 98
139 97
139 96
139 95
139 94
140 94
141 94
142 94
143 94
144 94
145 94
146 94
147 94
148 94
149 94
150 94
151 94
152 94
153 94
154 94
155 94
156 94
157 94
158 94
159 94
160 94
161 94
162 94
163 94
164 94
165 94
166 94
166 93
166 92
166 91
166 90
166 89
166 88
166 87
166 86
166 85
166 86
166 87
166 88
166 89
166 90
166 91
166 92
166 93
166 94
165 94
164 94
163 94
162 94
161 94
160 94
159 94
158 94
157 94
156 94
155 94
154 94
153 94
152 94
151 94
150 94
149 94
148 94
147 94
146 94
145 94
144 94
143 94
142 94
141 94
140 94
139 94
139 95
139 96
139 97
139 98
139 99
138 99
137 99
136 99
135 99
134 99
134 100
134 101
133 101
132 101
131 101
130 101
129 101
128 101
127 101
126 101
126 100
126 99
125 99
124 99
123 99
122 99
121 99
120 99
119 99
119 100
119 101
119 102
119 103
119 104
118 104
117 104
116 104
115 104
114 104
114 105
114 106
114 107
114 108
114 109
113 109
112 109
111 109
110 109
109 109
109 110
109 111
109 112
109 113
109 114
109 115
109 116
110 116
111 116
112 116
113 116
114 116
114 115
114 114
115 114
116 114
117 114
118 114
119 114
120 114
121 114
122 114
123 114
124 114
125 114
126 114
127 114
128 114
129 114
129 113
129 112
129 111
129 110
129 109
130 109
131 109
132 109
133 109
134 109
135 109
136 109
137 109
138 109
139 109
140 109
141 109
142 109
143 109
144 109
144 108
144 107
144 106
144 105
144 104
145 104
146 104
146 105
146 106
146 107
146 108
146 109
146 110
146 111
147 111
148 111
149 111
150 111
151 111
152 111
153 111
154 111
155 111
156 111
157 111
158 111
159 111
159 110
159 109
159 108
159 107
159 106
159 105
159 104
160 104
161 104
161 105
161 106
162 106
163 106
164 106
165 106
166 106
167 106
168 106
169 106
170 106
171 106
171 105
171 104
170 104
169 104
169 103
169 102
169 101
169 100
169 99
170 99
171 99
172 99
173 99
174 99
174 98
174 97
174 96
174 95
174 94
175 94
176 94
176 95
176 96
176 97
176 98
176 99
176 100
176 101
177 101
178 101
179 101
180 101
181 101
182 101
183 101
184 101
185 101
186 101
187 101
188 101
189 101
189 100
189 99
189 98
189 97
189 96
189 95
189 94
190 94
191 94
192 94
193 94
194 94
195 94
196 94
196 95
196 96
196 97
196 98
196 99
196 100
196 101
196 102
196 103
196 104
197 104
198 104
199 104
200 104
201 104
201 105
201 106
201 107
201 108
201 109
201 110
201 111
202 111
203 111
204 111
205 111
206 111
207 111
208 111
209 111
209 110
209 109
210 109
211 109
212 109
213 109
214 109
214 108
214 107
214 106
214 105
214 104
215 104
216 104
217 104
218 104
219 104
219 103
219 102
219 101
219 100
219 99
219 98
219 97
219 96
219 95
219 94
219 93
219 92
219 91
219 90
219 89
220 89
221 89
222 89
223 89
224 89
224 88
224 87
224 86
224 85
224 84
225 84
226 84
226 85
226 86
226 87
226 88
226 89
226 90
226 91
226 92
226 93
226 94
226 95
226 96
226 97
226 98
226 99
225 99
224 99
224 100
224 101
224 102
224 103
224 104
224 105
224 106
224 107
224 108
224 109
224 110
224 111
224 112
224 113
224 114
224 115
224 116
224 117
224 118
224 119
223 119
222 119
221 119
220 119
219 119
218 119
217 119
216 119
215 119
214 119
213 119
212 119
211 119
210 119
209 119
208 119
207 119
206 119
205 119
204 119
204 120
204 121
204 122
204 123
204 124
203 124
202 124
201 124
200 124
199 124
199 125
199 126
199 127
199 128
199 129
200 129
201 129
201 130
201 131
201 132
201 133
201 134
202 134
203 134
204 134
205 134
206 134
206 135
206 136
206 137
206 138
206 139
206 140
206 141
206 142
206 143
206 144
206 145
206 146
206 147
206 148
206 149
206 150
206 151
206 152
206 153
206 154
206 155
206 156
206 157
206 158
206 159
207 159
208 159
209 159
210 159
211 159
212 159
213 159
214 159
215 159
216 159
217 159
218 159
219 159
220 159
221 159
222 159
223 159
224 159
225 159
226 159
226 160
226 161
226 162
226 163
226 164
227 164
228 164
229 164
230 164
231 164
232 164
233 164
234 164
235 164
236 164
236 165
236 166
236 167
236 168
236 169
236 170
236 171
236 172
236 173
236 174
237 174
238 174
239 174
240 174
241 174
242 174
243 174
244 174
245 174
246 174
246 175
246 176
247 176
248 176
249 176
250 176
251 176
252 176
253 176
254 176
255 176
256 176
257 176
258 176
259 176
260 176
261 176
262 176
263 176
264 176
265 176
266 176
267 176
268 176
269 176
269 175
269 174
270 174
271 174
271 175
271 176
271 177
271 178
271 179
272 179
273 179
274 179
275 179
276 179
277 179
278 179
279 179
280 179
281 179
281 180
281 181
281 182
281 183
281 184
281 185
281 186
281 187
281 188
281 189
282 189
283 189
284 189
285 189
286 189
286 190
286 191
286 192
286 193
286 194
287 194
288 194
289 194
290 194
291 194
291 195
291 196
291 197
291 198
291 199
292 199
293 199
294 199
295 199
296 199
296 200
296 201
297 201
298 201
299 201
300 201
301 201
302 201
303 201
304 201
305 201
306 201
307 201
308 201
309 201
310 201
311 201
311 200
311 199
311 198
311 197
311 196
311 195
311 194
311 193
311 192
311 191
311 190
311 189
311 188
311 187
311 186
311 185
311 184
311 183
311 182
311 181
311 180
311 179
312 179
313 179
314 179
315 179
316 179
316 180
316 181
316 182
316 183
316 184
316 185
316 186
317 186
318 186
319 186
320 186
321 186
322 186
323 186
324 186
325 186
326 186
326 185
326 184
326 183
326 182
326 181
326 180
326 179
326 178
326 177
326 176
326 175
326 174
326 173
326 172
326 171
326 170
326 169
327 169
328 169
329 169
330 169
331 169
331 170
331 171
331 172
331 173
331 174
331 175
331 176
331 177
331 178
331 179
332 179
333 179
334 179
335 179
336 179
336 180
336 181
336 182
336 183
336 184
336 185
336 186
335 186
334 186
333 186
332 186
331 186
331 187
331 188
331 189
331 190
331 191
330 191
329 191
329 192
329 193
329 194
329 195
329 196
329 197
329 198
329 199
330 199
331 199
331 200
331 201
330 201
329 201
328 201
327 201
326 201
326 202
326 203
326 204
326 205
326 206
326 207
326 208
326 209
326 210
326 211
325 211
324 211
324 212
324 213
324 214
324 215
324 216
324 217
324 218
324 219
325 219
326 219
327 219
328 219
329 219
330 219
331 219
332 219
333 219
334 219
335 219
336 219
337 219
338 219
339 219
340 219
341 219
341 220
341 221
342 221
343 221
344 221
345 221
346 221
347 221
348 221
349 221
350 221
351 221
352 221
353 221
354 221
355 221
356 221
356 220
356 219
355 219
354 219
353 219
352 219
351 219
351 218
351 217
351 216
351 215
351 214
351 213
351 212
351 211
351 210
351 209
351 208
351 207
351 206
351 205
351 204
351 203
351 202
351 201
351 200
351 199
350 199
349 199
348 199
347 199
346 199
345 199
344 199
344 198
344 197
344 196
344 195
344 194
344 193
344 192
344 191
345 191
346 191
347 191
348 191
349 191
350 191
351 191
351 190
351 189
351 188
351 187
351 186
351 185
351 184
351 183
351 182
351 181
352 181
353 181
354 181
355 181
356 181
357 181
358 181
359 181
360 181
361 181
362 181
363 181
364 181
365 181
366 181
366 180
366 179
367 179
368 179
369 179
370 179
371 179
372 179
373 179
374 179
375 179
376 179
376 180
376 181
376 182
376 183
376 184
376 185
376 186
376 187
376 188
376 189
377 189
378 189
379 189
380 189
381 189
381 190
381 191
381 192
381 193
381 194
382 194
383 194
384 194
385 194
386 194
386 195
386 196
385 196
384 196
383 196
382 196
381 196
381 197
381 198
381 199
381 200
381 201
380 201
379 201
378 201
377 201
376 201
376 200
376 199
376 198
376 197
376 196
376 195
376 194
375 194
374 194
373 194
372 194
371 194
371 195
371 196
370 196
369 196
369 197
369 198
369 199
369 200
369 201
369 202
369 203
369 204
370 204
371 204
371 205
371 206
371 207
371 208
371 209
371 210
371 211
371 212
371 213
371 214
371 215
371 216
370 216
369 216
369 217
369 218
369 219
369 220
369 221
369 222
369 223
369 224
370 224
371 224
372 224
373 224
374 224
375 224
376 224
377 224
378 224
379 224
380 224
381 224
381 225
381 226
381 227
381 228
381 229
381 230
381 231
381 232
381 233
381 234
381 235
381 236
381 237
381 238
381 239
381 240
381 241
380 241
379 241
378 241
377 241
376 241
376 242
376 243
376 244
376 245
376 246
375 246
374 246
373 246
372 246
371 246
370 246
369 246
368 246
367 246
366 246
365 246
364 246
364 247
364 248
364 249
364 250
364 251
364 252
364 253
364 254
365 254
366 254
367 254
368 254
369 254
370 254
371 254
371 255
371 256
370 256
369 256
368 256
367 256
366 256
366 257
366 258
366 259
366 260
366 261
365 261
364 261
363 261
362 261
361 261
360 261
359 261
358 261
357 261
356 261
355 261
354 261
353 261
352 261
351 261
351 262
351 263
351 264
351 265
351 266
350 266
349 266
348 266
347 266
346 266
346 267
346 268
346 269
346 270
346 271
346 272
346 273
346 274
346 275
346 276
345 276
344 276
343 276
342 276
341 276
340 276
339 276
339 277
339 278
339 279
339 280
339 281
339 282
339 283
339 284
340 284
341 284
342 284
343 284
344 284
345 284
346 284
347 284
348 284
349 284
350 284
351 284
351 285
351 286
351 287
351 288
351 289
351 290
351 291
352 291
353 291
354 291
355 291
356 291
356 290
356 289
356 288
356 287
356 286
356 285
356 284
357 284
358 284
359 284
360 284
361 284
361 285
361 286
361 287
361 288
361 289
362 289
363 289
364 289
365 289
366 289
366 290
366 291
366 292
366 293
366 294
367 294
368 294
369 294
370 294
371 294
371 295
371 296
371 297
371 298
371 299
372 299
373 299
374 299
375 299
376 299
377 299
378 299
379 299
380 299
381 299
382 299
383 299
384 299
385 299
386 299
386 300
386 301
385 301
384 301
384 302
384 303
384 304
384 305
384 306
384 307
384 308
384 309
384 310
384 311
384 312
384 313
384 314
385 314
386 314
387 314
388 314
389 314
390 314
391 314
392 314
393 314
394 314
395 314
396 314
396 315
396 316
396 317
396 318
396 319
397 319
398 319
399 319
400 319
401 319
402 319
403 319
404 319
405 319
406 319
407 319
408 319
409 319
410 319
411 319
412 319
413 319
414 319
415 319
416 319
416 320
416 321
416 322
416 323
416 324
416 325
416 326
416 327
416 328
416 329
416 330
416 329
416 328
416 327
416 326
416 325
416 324
416 323
416 322
416 321
416 320
416 319
415 319
414 319
413 319
412 319
411 319
410 319
409 319
408 319
407 319
406 319
405 319
404 319
403 319
402 319
401 319
400 319
399 319
398 319
397 319
396 319
396 318
396 317
396 316
396 315
396 314
395 314
394 314
393 314
392 314
391 314
390 314
389 314
388 314
387 314
386 314
385 314
384 314
384 313
384 312
384 311
384 310
384 309
384 308
384 307
384 306
384 305
384 304
384 303
384 302
384 301
385 301
386 301
386 300
386 299
385 299
384 299
383 299
382 299
381 299
380 299
379 299
378 299
377 299
376 299
375 299
374 299
373 299
372 299
371 299
371 298
371 297
371 296
371 295
371 294
370 294
369 294
368 294
367 294
366 294
366 293
366 292
366 291
366 290
366 289
365 289
364 289
363 289
362 289
361 289
361 288
361 287
361 286
361 285
361 284
360 284
359 284
358 284
357 284
356 284
356 285
356 286
356 287
356 288
356 289
356 290
356 291
355 291
354 291
353 291
352 291
351 291
351 290
351 289
351 288
351 287
351 286
351 285
351 284
350 284
349 284
348 284
347 284
346 284
345 284
344 284
343 284
342 284
341 284
340 284
339 284
339 283
339 282
339 281
339 280
339 279
339 278
339 277
339 276
340 276
341 276
342 276
343 276
344 276
345 276
346 276
346 275
346 274
346 273
346 272
346 271
346 270
346 269
346 268
346 267
346 266
347 266
348 266
349 266
350 266
351 266
351 265
351 264
351 263
351 262
351 261
352 261
353 261
354 261
355 261
356 261
357 261
358 261
359 261
360 261
361 261
362 261
363 261
364 261
365 261
366 261
366 260
366 259
366 258
366 257
366 256
367 256
368 256
369 256
370 256
371 256
371 255
371 254
370 254
369 254
368 254
367 254
366 254
365 254
364 254
363 254
362 254
361 254
361 253
361 252
361 251
361 250
361 249
360 249
359 249
358 249
357 249
356 249
356 250
356 251
356 252
356 253
356 254
356 255
356 256
355 256
354 256
353 256
352 256
351 256
351 255
351 254
351 253
351 252
351 251
351 250
351 249
350 249
349 249
349 248
349 247
349 246
349 245
349 244
349 243
349 242
349 241
350 241
351 241
352 241
353 241
354 241
355 241
356 241
357 241
358 241
359 241
360 241
361 241
362 241
363 241
364 241
365 241
366 241
367 241
368 241
369 241
370 241
371 241
371 240
371 239
370 239
369 239
368 239
367 239
366 239
365 239
364 239
363 239
362 239
361 239
360 239
359 239
358 239
357 239
356 239
356 238
356 237
356 236
356 235
356 234
355 234
354 234
353 234
352 234
351 234
350 234
349 234
348 234
347 234
346 234
345 234
344 234
343 234
342 234
341 234
341 235
341 236
341 237
341 238
341 239
341 240
341 241
341 242
341 243
341 244
341 245
341 246
340 246
339 246
338 246
337 246
336 246
336 245
336 244
336 243
336 242
336 241
336 240
336 239
336 238
336 237
336 236
336 235
336 234
335 234
334 234
333 234
332 234
331 234
331 235
331 236
331 237
331 238
331 239
331 240
331 241
330 241
329 241
328 241
327 241
326 241
325 241
324 241
323 241
322 241
321 241
321 242
321 243
321 244
321 245
321 246
321 247
321 248
321 249
321 250
321 251
320 251
319 251
318 251
317 251
316 251
315 251
314 251
313 251
312 251
311 251
311 252
311 253
311 254
311 255
311 256
311 257
311 258
311 259
311 260
311 261
311 262
311 263
311 264
311 265
311 266
311 267
311 268
311 269
311 270
311 271
311 272
311 273
311 274
311 275
311 276
311 277
311 278
311 279
311 280
311 281
311 282
311 283
311 284
311 285
311 286
310 286
309 286
308 286
307 286
306 286
306 287
306 288
306 289
306 290
306 291
305 291
305 292
305 293
305 294
304 294
304 295
304 296
305 296
0.000000 767.000000
Incorrect path legth
<end of output>
Test time =  33.38 sec
----------------------------------------------------------
Test Failed.
"Test12" end time: Mar 06 18:28 MSK
"Test12" time elapsed: 00:00:33
----------------------------------------------------------

End testing: Mar 06 18:28 MSK
