Start testing: Feb 20 16:15 MSK
----------------------------------------------------------
1/12 Testing: Test1
1/12 Test: Test1
Command: "/home/just-ne-just/PathPlanningProject/Build/Release/Tests/testbench" "../../../TestData/0_test.xml"
Directory: /home/just-ne-just/PathPlanningProject/Build/Release/Tests
"Test1" start time: Feb 20 16:15 MSK
Output:
----------------------------------------------------------
tiny
Warning! Value of 'logpath' tag is missing!
Value of 'logpath' tag was defined to 'current directory'.
Warning! Value of 'logfilename' tag is missing.
Value of 'logfilename' tag was defined to default (original filename +'_log' + original file extension.
0 0 1 0 0 0 0 0 0 0 0 0 1 0 0 0 0 0 0 0 0 
1 1 1 1 1 1 1 1 0 0 0 0 1 1 1 1 1 1 0 0 0 
0 0 0 0 0 0 0 1 0 0 0 0 0 0 0 0 0 1 0 0 0 
0 0 0 0 0 0 0 1 0 0 0 0 0 0 0 0 0 1 0 0 0 
0 0 0 0 0 0 0 1 0 0 0 0 0 0 0 0 0 1 0 0 0 
0 0 0 0 0 0 0 1 0 0 0 0 0 0 0 0 0 1 0 0 0 
1 1 1 0 0 0 0 1 1 1 1 1 1 0 0 0 0 1 0 0 0 
0 0 0 0 0 0 0 0 0 0 0 0 1 0 0 0 0 1 0 0 0 
0 0 0 0 0 0 0 0 0 0 0 0 1 0 0 0 0 1 0 0 0 
0 0 0 0 0 0 0 0 0 0 0 0 1 0 0 0 0 1 0 0 0 
0 0 0 0 0 0 0 0 0 0 5 0 1 0 0 0 0 1 0 0 0 
1 1 1 1 1 1 1 1 1 1 1 1 1 0 0 0 0 1 1 1 1 
0 0 0 0 0 0 0 0 0 0 0 0 0 0 0 0 0 0 0 0 0 
0 0 0 0 0 0 0 0 0 0 0 0 0 0 0 0 0 0 0 0 0 
0 0 0 0 0 0 0 0 0 0 0 0 0 0 0 0 0 0 0 0 0 
0 0 0 0 0 0 0 0 0 0 0 0 0 0 0 0 0 0 0 0 0 
1 1 1 1 1 1 1 1 1 1 1 1 1 0 0 0 0 1 0 0 0 
0 0 0 0 0 0 0 0 0 0 0 0 1 0 0 0 0 1 0 0 0 
0 0 0 0 0 0 0 0 0 0 0 0 1 0 0 0 0 1 0 0 0 
0 0 0 0 0 0 0 0 0 0 0 0 1 0 0 0 0 1 0 0 0 
0 0 0 0 0 0 0 0 0 0 0 0 1 0 0 0 0 1 0 0 0 
XDDDDDDDDDDDDDDDD
Not found
0.000000 767.000000
Incorrect path legth
<end of output>
Test time =   0.70 sec
----------------------------------------------------------
Test Failed.
"Test1" end time: Feb 20 16:15 MSK
"Test1" time elapsed: 00:00:00
----------------------------------------------------------

2/12 Testing: Test2
2/12 Test: Test2
Command: "/home/just-ne-just/PathPlanningProject/Build/Release/Tests/testbench" "../../../TestData/1_test.xml"
Directory: /home/just-ne-just/PathPlanningProject/Build/Release/Tests
"Test2" start time: Feb 20 16:15 MSK
Output:
----------------------------------------------------------
tiny
Warning! Value of 'logpath' tag is missing!
Value of 'logpath' tag was defined to 'current directory'.
Warning! Value of 'logfilename' tag is missing.
Value of 'logfilename' tag was defined to default (original filename +'_log' + original file extension.
0 0 1 0 0 0 0 0 0 0 0 0 1 0 0 0 0 0 0 0 0 
1 1 1 1 1 1 1 1 0 0 0 0 1 1 1 1 1 1 0 0 0 
0 0 0 0 0 0 0 1 0 0 0 0 0 0 0 0 0 1 0 0 0 
0 0 0 0 0 0 0 1 0 0 0 0 0 0 0 0 0 1 0 0 0 
0 0 0 0 0 0 0 1 0 0 0 0 0 0 0 0 0 1 0 0 0 
0 0 0 0 0 0 0 1 0 0 0 0 0 0 0 0 0 1 0 0 0 
1 1 1 0 0 0 0 1 1 1 1 1 1 0 0 0 0 1 0 0 0 
0 0 0 0 0 0 0 0 0 0 0 0 1 0 0 0 0 1 0 0 0 
0 0 0 0 0 0 0 0 0 0 0 0 1 0 0 0 0 1 0 0 0 
0 0 0 0 0 0 0 0 0 0 0 0 1 0 0 0 0 1 0 0 0 
0 0 0 0 0 0 0 0 0 0 5 0 1 0 0 0 0 1 0 0 0 
1 1 1 1 1 1 1 1 1 1 1 1 1 0 0 0 0 1 1 1 1 
0 0 0 0 0 0 0 0 0 0 0 0 0 0 0 0 0 0 0 0 0 
0 0 0 0 0 0 0 0 0 0 0 0 0 0 0 0 0 0 0 0 0 
0 0 0 0 0 0 0 0 0 0 0 0 0 0 0 0 0 0 0 0 0 
0 0 0 0 0 0 0 0 0 0 0 0 0 0 0 0 0 0 0 0 0 
1 1 1 1 1 1 1 1 1 1 1 1 1 0 0 0 0 1 0 0 0 
0 0 0 0 0 0 0 0 0 0 0 0 1 0 0 0 0 1 0 0 0 
0 0 0 0 0 0 0 0 0 0 0 0 1 0 0 0 0 1 0 0 0 
0 0 0 0 0 0 0 0 0 0 0 0 1 0 0 0 0 1 0 0 0 
0 0 0 0 0 0 0 0 0 0 0 0 1 0 0 0 0 1 0 0 0 
XDDDDDDDDDDDDDDDD
Not found
0.000000 767.000000
Incorrect path legth
<end of output>
Test time =   0.76 sec
----------------------------------------------------------
Test Failed.
"Test2" end time: Feb 20 16:15 MSK
"Test2" time elapsed: 00:00:00
----------------------------------------------------------

3/12 Testing: Test3
3/12 Test: Test3
Command: "/home/just-ne-just/PathPlanningProject/Build/Release/Tests/testbench" "../../../TestData/2_test.xml"
Directory: /home/just-ne-just/PathPlanningProject/Build/Release/Tests
"Test3" start time: Feb 20 16:15 MSK
Output:
----------------------------------------------------------
Warning! Value of'metrictype' is not correctly specified.
Value of 'metrictype' was defined to 'euclidean'
tiny
Warning! Value of 'logpath' tag is missing!
Value of 'logpath' tag was defined to 'current directory'.
Warning! Value of 'logfilename' tag is missing.
Value of 'logfilename' tag was defined to default (original filename +'_log' + original file extension.
0 0 1 0 0 0 0 0 0 0 0 0 1 0 0 0 0 0 0 0 0 
1 1 1 1 1 1 1 1 0 0 0 0 1 1 1 1 1 1 0 0 0 
0 0 0 0 0 0 0 1 0 0 0 0 0 0 0 0 0 1 0 0 0 
0 0 0 0 0 0 0 1 0 0 0 0 0 0 0 0 0 1 0 0 0 
0 0 0 0 0 0 0 1 0 0 0 0 0 0 0 0 0 1 0 0 0 
0 0 0 0 0 0 0 1 0 0 0 0 0 0 0 0 0 1 0 0 0 
1 1 1 0 0 0 0 1 1 1 1 1 1 0 0 0 0 1 0 0 0 
0 0 0 0 0 0 0 0 0 0 0 0 1 0 0 0 0 1 0 0 0 
0 0 0 0 0 0 0 0 0 0 0 0 1 0 0 0 0 1 0 0 0 
0 0 0 0 0 0 0 0 0 0 0 0 1 0 0 0 0 1 0 0 0 
0 0 0 0 0 0 0 0 0 0 5 0 1 0 0 0 0 1 0 0 0 
1 1 1 1 1 1 1 1 1 1 1 1 1 0 0 0 0 1 1 1 1 
0 0 0 0 0 0 0 0 0 0 0 0 0 0 0 0 0 0 0 0 0 
0 0 0 0 0 0 0 0 0 0 0 0 0 0 0 0 0 0 0 0 0 
0 0 0 0 0 0 0 0 0 0 0 0 0 0 0 0 0 0 0 0 0 
0 0 0 0 0 0 0 0 0 0 0 0 0 0 0 0 0 0 0 0 0 
1 1 1 1 1 1 1 1 1 1 1 1 1 0 0 0 0 1 0 0 0 
0 0 0 0 0 0 0 0 0 0 0 0 1 0 0 0 0 1 0 0 0 
0 0 0 0 0 0 0 0 0 0 0 0 1 0 0 0 0 1 0 0 0 
0 0 0 0 0 0 0 0 0 0 0 0 1 0 0 0 0 1 0 0 0 
0 0 0 0 0 0 0 0 0 0 0 0 1 0 0 0 0 1 0 0 0 
XDDDDDDDDDDDDDDDD
Not found
0.000000 639.298584
Incorrect path legth
<end of output>
Test time =   6.51 sec
----------------------------------------------------------
Test Failed.
"Test3" end time: Feb 20 16:15 MSK
"Test3" time elapsed: 00:00:06
----------------------------------------------------------

4/12 Testing: Test4
4/12 Test: Test4
Command: "/home/just-ne-just/PathPlanningProject/Build/Release/Tests/testbench" "../../../TestData/3_test.xml"
Directory: /home/just-ne-just/PathPlanningProject/Build/Release/Tests
"Test4" start time: Feb 20 16:15 MSK
Output:
----------------------------------------------------------
Warning! Value of'metrictype' is not correctly specified.
Value of 'metrictype' was defined to 'euclidean'
tiny
Warning! Value of 'logpath' tag is missing!
Value of 'logpath' tag was defined to 'current directory'.
Warning! Value of 'logfilename' tag is missing.
Value of 'logfilename' tag was defined to default (original filename +'_log' + original file extension.
0 0 1 0 0 0 0 0 0 0 0 0 1 0 0 0 0 0 0 0 0 
1 1 1 1 1 1 1 1 0 0 0 0 1 1 1 1 1 1 0 0 0 
0 0 0 0 0 0 0 1 0 0 0 0 0 0 0 0 0 1 0 0 0 
0 0 0 0 0 0 0 1 0 0 0 0 0 0 0 0 0 1 0 0 0 
0 0 0 0 0 0 0 1 0 0 0 0 0 0 0 0 0 1 0 0 0 
0 0 0 0 0 0 0 1 0 0 0 0 0 0 0 0 0 1 0 0 0 
1 1 1 0 0 0 0 1 1 1 1 1 1 0 0 0 0 1 0 0 0 
0 0 0 0 0 0 0 0 0 0 0 0 1 0 0 0 0 1 0 0 0 
0 0 0 0 0 0 0 0 0 0 0 0 1 0 0 0 0 1 0 0 0 
0 0 0 0 0 0 0 0 0 0 0 0 1 0 0 0 0 1 0 0 0 
0 0 0 0 0 0 0 0 0 0 5 0 1 0 0 0 0 1 0 0 0 
1 1 1 1 1 1 1 1 1 1 1 1 1 0 0 0 0 1 1 1 1 
0 0 0 0 0 0 0 0 0 0 0 0 0 0 0 0 0 0 0 0 0 
0 0 0 0 0 0 0 0 0 0 0 0 0 0 0 0 0 0 0 0 0 
0 0 0 0 0 0 0 0 0 0 0 0 0 0 0 0 0 0 0 0 0 
0 0 0 0 0 0 0 0 0 0 0 0 0 0 0 0 0 0 0 0 0 
1 1 1 1 1 1 1 1 1 1 1 1 1 0 0 0 0 1 0 0 0 
0 0 0 0 0 0 0 0 0 0 0 0 1 0 0 0 0 1 0 0 0 
0 0 0 0 0 0 0 0 0 0 0 0 1 0 0 0 0 1 0 0 0 
0 0 0 0 0 0 0 0 0 0 0 0 1 0 0 0 0 1 0 0 0 
0 0 0 0 0 0 0 0 0 0 0 0 1 0 0 0 0 1 0 0 0 
XDDDDDDDDDDDDDDDD
Not found
0.000000 639.298584
Incorrect path legth
<end of output>
Test time =   0.62 sec
----------------------------------------------------------
Test Failed.
"Test4" end time: Feb 20 16:15 MSK
"Test4" time elapsed: 00:00:00
----------------------------------------------------------

5/12 Testing: Test5
5/12 Test: Test5
Command: "/home/just-ne-just/PathPlanningProject/Build/Release/Tests/testbench" "../../../TestData/4_test.xml"
Directory: /home/just-ne-just/PathPlanningProject/Build/Release/Tests
"Test5" start time: Feb 20 16:15 MSK
Output:
----------------------------------------------------------
Warning! Value of'metrictype' is not correctly specified.
Value of 'metrictype' was defined to 'euclidean'
tiny
Warning! Value of 'logpath' tag is missing!
Value of 'logpath' tag was defined to 'current directory'.
Warning! Value of 'logfilename' tag is missing.
Value of 'logfilename' tag was defined to default (original filename +'_log' + original file extension.
0 0 1 0 0 0 0 0 0 0 0 0 1 0 0 0 0 0 0 0 0 
1 1 1 1 1 1 1 1 0 0 0 0 1 1 1 1 1 1 0 0 0 
0 0 0 0 0 0 0 1 0 0 0 0 0 0 0 0 0 1 0 0 0 
0 0 0 0 0 0 0 1 0 0 0 0 0 0 0 0 0 1 0 0 0 
0 0 0 0 0 0 0 1 0 0 0 0 0 0 0 0 0 1 0 0 0 
0 0 0 0 0 0 0 1 0 0 0 0 0 0 0 0 0 1 0 0 0 
1 1 1 0 0 0 0 1 1 1 1 1 1 0 0 0 0 1 0 0 0 
0 0 0 0 0 0 0 0 0 0 0 0 1 0 0 0 0 1 0 0 0 
0 0 0 0 0 0 0 0 0 0 0 0 1 0 0 0 0 1 0 0 0 
0 0 0 0 0 0 0 0 0 0 0 0 1 0 0 0 0 1 0 0 0 
0 0 0 0 0 0 0 0 0 0 5 0 1 0 0 0 0 1 0 0 0 
1 1 1 1 1 1 1 1 1 1 1 1 1 0 0 0 0 1 1 1 1 
0 0 0 0 0 0 0 0 0 0 0 0 0 0 0 0 0 0 0 0 0 
0 0 0 0 0 0 0 0 0 0 0 0 0 0 0 0 0 0 0 0 0 
0 0 0 0 0 0 0 0 0 0 0 0 0 0 0 0 0 0 0 0 0 
0 0 0 0 0 0 0 0 0 0 0 0 0 0 0 0 0 0 0 0 0 
1 1 1 1 1 1 1 1 1 1 1 1 1 0 0 0 0 1 0 0 0 
0 0 0 0 0 0 0 0 0 0 0 0 1 0 0 0 0 1 0 0 0 
0 0 0 0 0 0 0 0 0 0 0 0 1 0 0 0 0 1 0 0 0 
0 0 0 0 0 0 0 0 0 0 0 0 1 0 0 0 0 1 0 0 0 
0 0 0 0 0 0 0 0 0 0 0 0 1 0 0 0 0 1 0 0 0 
XDDDDDDDDDDDDDDDD
Not found
0.000000 666.830505
Incorrect path legth
<end of output>
Test time =   0.70 sec
----------------------------------------------------------
Test Failed.
"Test5" end time: Feb 20 16:15 MSK
"Test5" time elapsed: 00:00:00
----------------------------------------------------------

6/12 Testing: Test6
6/12 Test: Test6
Command: "/home/just-ne-just/PathPlanningProject/Build/Release/Tests/testbench" "../../../TestData/5_test.xml"
Directory: /home/just-ne-just/PathPlanningProject/Build/Release/Tests
"Test6" start time: Feb 20 16:15 MSK
Output:
----------------------------------------------------------
Warning! Value of'metrictype' is not correctly specified.
Value of 'metrictype' was defined to 'euclidean'
tiny
Warning! Value of 'logpath' tag is missing!
Value of 'logpath' tag was defined to 'current directory'.
Warning! Value of 'logfilename' tag is missing.
Value of 'logfilename' tag was defined to default (original filename +'_log' + original file extension.
0 0 1 0 0 0 0 0 0 0 0 0 1 0 0 0 0 0 0 0 0 
1 1 1 1 1 1 1 1 0 0 0 0 1 1 1 1 1 1 0 0 0 
0 0 0 0 0 0 0 1 0 0 0 0 0 0 0 0 0 1 0 0 0 
0 0 0 0 0 0 0 1 0 0 0 0 0 0 0 0 0 1 0 0 0 
0 0 0 0 0 0 0 1 0 0 0 0 0 0 0 0 0 1 0 0 0 
0 0 0 0 0 0 0 1 0 0 0 0 0 0 0 0 0 1 0 0 0 
1 1 1 0 0 0 0 1 1 1 1 1 1 0 0 0 0 1 0 0 0 
0 0 0 0 0 0 0 0 0 0 0 0 1 0 0 0 0 1 0 0 0 
0 0 0 0 0 0 0 0 0 0 0 0 1 0 0 0 0 1 0 0 0 
0 0 0 0 0 0 0 0 0 0 0 0 1 0 0 0 0 1 0 0 0 
0 0 0 0 0 0 0 0 0 0 5 0 1 0 0 0 0 1 0 0 0 
1 1 1 1 1 1 1 1 1 1 1 1 1 0 0 0 0 1 1 1 1 
0 0 0 0 0 0 0 0 0 0 0 0 0 0 0 0 0 0 0 0 0 
0 0 0 0 0 0 0 0 0 0 0 0 0 0 0 0 0 0 0 0 0 
0 0 0 0 0 0 0 0 0 0 0 0 0 0 0 0 0 0 0 0 0 
0 0 0 0 0 0 0 0 0 0 0 0 0 0 0 0 0 0 0 0 0 
1 1 1 1 1 1 1 1 1 1 1 1 1 0 0 0 0 1 0 0 0 
0 0 0 0 0 0 0 0 0 0 0 0 1 0 0 0 0 1 0 0 0 
0 0 0 0 0 0 0 0 0 0 0 0 1 0 0 0 0 1 0 0 0 
0 0 0 0 0 0 0 0 0 0 0 0 1 0 0 0 0 1 0 0 0 
0 0 0 0 0 0 0 0 0 0 0 0 1 0 0 0 0 1 0 0 0 
XDDDDDDDDDDDDDDDD
Not found
0.000000 767.000000
Incorrect path legth
<end of output>
Test time =   0.62 sec
----------------------------------------------------------
Test Failed.
"Test6" end time: Feb 20 16:15 MSK
"Test6" time elapsed: 00:00:00
----------------------------------------------------------

7/12 Testing: Test7
7/12 Test: Test7
Command: "/home/just-ne-just/PathPlanningProject/Build/Release/Tests/testbench" "../../../TestData/6_test.xml"
Directory: /home/just-ne-just/PathPlanningProject/Build/Release/Tests
"Test7" start time: Feb 20 16:15 MSK
Output:
----------------------------------------------------------
Warning! Value of'metrictype' is not correctly specified.
Value of 'metrictype' was defined to 'euclidean'
tiny
Warning! Value of 'logpath' tag is missing!
Value of 'logpath' tag was defined to 'current directory'.
Warning! Value of 'logfilename' tag is missing.
Value of 'logfilename' tag was defined to default (original filename +'_log' + original file extension.
0 0 1 0 0 0 0 0 0 0 0 0 1 0 0 0 0 0 0 0 0 
1 1 1 1 1 1 1 1 0 0 0 0 1 1 1 1 1 1 0 0 0 
0 0 0 0 0 0 0 1 0 0 0 0 0 0 0 0 0 1 0 0 0 
0 0 0 0 0 0 0 1 0 0 0 0 0 0 0 0 0 1 0 0 0 
0 0 0 0 0 0 0 1 0 0 0 0 0 0 0 0 0 1 0 0 0 
0 0 0 0 0 0 0 1 0 0 0 0 0 0 0 0 0 1 0 0 0 
1 1 1 0 0 0 0 1 1 1 1 1 1 0 0 0 0 1 0 0 0 
0 0 0 0 0 0 0 0 0 0 0 0 1 0 0 0 0 1 0 0 0 
0 0 0 0 0 0 0 0 0 0 0 0 1 0 0 0 0 1 0 0 0 
0 0 0 0 0 0 0 0 0 0 0 0 1 0 0 0 0 1 0 0 0 
0 0 0 0 0 0 0 0 0 0 5 0 1 0 0 0 0 1 0 0 0 
1 1 1 1 1 1 1 1 1 1 1 1 1 0 0 0 0 1 1 1 1 
0 0 0 0 0 0 0 0 0 0 0 0 0 0 0 0 0 0 0 0 0 
0 0 0 0 0 0 0 0 0 0 0 0 0 0 0 0 0 0 0 0 0 
0 0 0 0 0 0 0 0 0 0 0 0 0 0 0 0 0 0 0 0 0 
0 0 0 0 0 0 0 0 0 0 0 0 0 0 0 0 0 0 0 0 0 
1 1 1 1 1 1 1 1 1 1 1 1 1 0 0 0 0 1 0 0 0 
0 0 0 0 0 0 0 0 0 0 0 0 1 0 0 0 0 1 0 0 0 
0 0 0 0 0 0 0 0 0 0 0 0 1 0 0 0 0 1 0 0 0 
0 0 0 0 0 0 0 0 0 0 0 0 1 0 0 0 0 1 0 0 0 
0 0 0 0 0 0 0 0 0 0 0 0 1 0 0 0 0 1 0 0 0 
XDDDDDDDDDDDDDDDD
Not found
0.000000 639.298584
Incorrect path legth
<end of output>
Test time =   5.52 sec
----------------------------------------------------------
Test Failed.
"Test7" end time: Feb 20 16:16 MSK
"Test7" time elapsed: 00:00:05
----------------------------------------------------------

8/12 Testing: Test8
8/12 Test: Test8
Command: "/home/just-ne-just/PathPlanningProject/Build/Release/Tests/testbench" "../../../TestData/7_test.xml"
Directory: /home/just-ne-just/PathPlanningProject/Build/Release/Tests
"Test8" start time: Feb 20 16:16 MSK
Output:
----------------------------------------------------------
Warning! Value of'metrictype' is not correctly specified.
Value of 'metrictype' was defined to 'euclidean'
tiny
Warning! Value of 'logpath' tag is missing!
Value of 'logpath' tag was defined to 'current directory'.
Warning! Value of 'logfilename' tag is missing.
Value of 'logfilename' tag was defined to default (original filename +'_log' + original file extension.
0 0 1 0 0 0 0 0 0 0 0 0 1 0 0 0 0 0 0 0 0 
1 1 1 1 1 1 1 1 0 0 0 0 1 1 1 1 1 1 0 0 0 
0 0 0 0 0 0 0 1 0 0 0 0 0 0 0 0 0 1 0 0 0 
0 0 0 0 0 0 0 1 0 0 0 0 0 0 0 0 0 1 0 0 0 
0 0 0 0 0 0 0 1 0 0 0 0 0 0 0 0 0 1 0 0 0 
0 0 0 0 0 0 0 1 0 0 0 0 0 0 0 0 0 1 0 0 0 
1 1 1 0 0 0 0 1 1 1 1 1 1 0 0 0 0 1 0 0 0 
0 0 0 0 0 0 0 0 0 0 0 0 1 0 0 0 0 1 0 0 0 
0 0 0 0 0 0 0 0 0 0 0 0 1 0 0 0 0 1 0 0 0 
0 0 0 0 0 0 0 0 0 0 0 0 1 0 0 0 0 1 0 0 0 
0 0 0 0 0 0 0 0 0 0 5 0 1 0 0 0 0 1 0 0 0 
1 1 1 1 1 1 1 1 1 1 1 1 1 0 0 0 0 1 1 1 1 
0 0 0 0 0 0 0 0 0 0 0 0 0 0 0 0 0 0 0 0 0 
0 0 0 0 0 0 0 0 0 0 0 0 0 0 0 0 0 0 0 0 0 
0 0 0 0 0 0 0 0 0 0 0 0 0 0 0 0 0 0 0 0 0 
0 0 0 0 0 0 0 0 0 0 0 0 0 0 0 0 0 0 0 0 0 
1 1 1 1 1 1 1 1 1 1 1 1 1 0 0 0 0 1 0 0 0 
0 0 0 0 0 0 0 0 0 0 0 0 1 0 0 0 0 1 0 0 0 
0 0 0 0 0 0 0 0 0 0 0 0 1 0 0 0 0 1 0 0 0 
0 0 0 0 0 0 0 0 0 0 0 0 1 0 0 0 0 1 0 0 0 
0 0 0 0 0 0 0 0 0 0 0 0 1 0 0 0 0 1 0 0 0 
XDDDDDDDDDDDDDDDD
Not found
0.000000 639.298584
Incorrect path legth
<end of output>
Test time =   0.86 sec
----------------------------------------------------------
Test Failed.
"Test8" end time: Feb 20 16:16 MSK
"Test8" time elapsed: 00:00:00
----------------------------------------------------------

9/12 Testing: Test9
9/12 Test: Test9
Command: "/home/just-ne-just/PathPlanningProject/Build/Release/Tests/testbench" "../../../TestData/8_test.xml"
Directory: /home/just-ne-just/PathPlanningProject/Build/Release/Tests
"Test9" start time: Feb 20 16:16 MSK
Output:
----------------------------------------------------------
Warning! Value of'metrictype' is not correctly specified.
Value of 'metrictype' was defined to 'euclidean'
tiny
Warning! Value of 'logpath' tag is missing!
Value of 'logpath' tag was defined to 'current directory'.
Warning! Value of 'logfilename' tag is missing.
Value of 'logfilename' tag was defined to default (original filename +'_log' + original file extension.
0 0 1 0 0 0 0 0 0 0 0 0 1 0 0 0 0 0 0 0 0 
1 1 1 1 1 1 1 1 0 0 0 0 1 1 1 1 1 1 0 0 0 
0 0 0 0 0 0 0 1 0 0 0 0 0 0 0 0 0 1 0 0 0 
0 0 0 0 0 0 0 1 0 0 0 0 0 0 0 0 0 1 0 0 0 
0 0 0 0 0 0 0 1 0 0 0 0 0 0 0 0 0 1 0 0 0 
0 0 0 0 0 0 0 1 0 0 0 0 0 0 0 0 0 1 0 0 0 
1 1 1 0 0 0 0 1 1 1 1 1 1 0 0 0 0 1 0 0 0 
0 0 0 0 0 0 0 0 0 0 0 0 1 0 0 0 0 1 0 0 0 
0 0 0 0 0 0 0 0 0 0 0 0 1 0 0 0 0 1 0 0 0 
0 0 0 0 0 0 0 0 0 0 0 0 1 0 0 0 0 1 0 0 0 
0 0 0 0 0 0 0 0 0 0 5 0 1 0 0 0 0 1 0 0 0 
1 1 1 1 1 1 1 1 1 1 1 1 1 0 0 0 0 1 1 1 1 
0 0 0 0 0 0 0 0 0 0 0 0 0 0 0 0 0 0 0 0 0 
0 0 0 0 0 0 0 0 0 0 0 0 0 0 0 0 0 0 0 0 0 
0 0 0 0 0 0 0 0 0 0 0 0 0 0 0 0 0 0 0 0 0 
0 0 0 0 0 0 0 0 0 0 0 0 0 0 0 0 0 0 0 0 0 
1 1 1 1 1 1 1 1 1 1 1 1 1 0 0 0 0 1 0 0 0 
0 0 0 0 0 0 0 0 0 0 0 0 1 0 0 0 0 1 0 0 0 
0 0 0 0 0 0 0 0 0 0 0 0 1 0 0 0 0 1 0 0 0 
0 0 0 0 0 0 0 0 0 0 0 0 1 0 0 0 0 1 0 0 0 
0 0 0 0 0 0 0 0 0 0 0 0 1 0 0 0 0 1 0 0 0 
XDDDDDDDDDDDDDDDD
Not found
0.000000 666.830505
Incorrect path legth
<end of output>
Test time =   0.64 sec
----------------------------------------------------------
Test Failed.
"Test9" end time: Feb 20 16:16 MSK
"Test9" time elapsed: 00:00:00
----------------------------------------------------------

10/12 Testing: Test10
10/12 Test: Test10
Command: "/home/just-ne-just/PathPlanningProject/Build/Release/Tests/testbench" "../../../TestData/9_test.xml"
Directory: /home/just-ne-just/PathPlanningProject/Build/Release/Tests
"Test10" start time: Feb 20 16:16 MSK
Output:
----------------------------------------------------------
Warning! Value of'metrictype' is not correctly specified.
Value of 'metrictype' was defined to 'euclidean'
tiny
Warning! Value of 'logpath' tag is missing!
Value of 'logpath' tag was defined to 'current directory'.
Warning! Value of 'logfilename' tag is missing.
Value of 'logfilename' tag was defined to default (original filename +'_log' + original file extension.
0 0 1 0 0 0 0 0 0 0 0 0 1 0 0 0 0 0 0 0 0 
1 1 1 1 1 1 1 1 0 0 0 0 1 1 1 1 1 1 0 0 0 
0 0 0 0 0 0 0 1 0 0 0 0 0 0 0 0 0 1 0 0 0 
0 0 0 0 0 0 0 1 0 0 0 0 0 0 0 0 0 1 0 0 0 
0 0 0 0 0 0 0 1 0 0 0 0 0 0 0 0 0 1 0 0 0 
0 0 0 0 0 0 0 1 0 0 0 0 0 0 0 0 0 1 0 0 0 
1 1 1 0 0 0 0 1 1 1 1 1 1 0 0 0 0 1 0 0 0 
0 0 0 0 0 0 0 0 0 0 0 0 1 0 0 0 0 1 0 0 0 
0 0 0 0 0 0 0 0 0 0 0 0 1 0 0 0 0 1 0 0 0 
0 0 0 0 0 0 0 0 0 0 0 0 1 0 0 0 0 1 0 0 0 
0 0 0 0 0 0 0 0 0 0 5 0 1 0 0 0 0 1 0 0 0 
1 1 1 1 1 1 1 1 1 1 1 1 1 0 0 0 0 1 1 1 1 
0 0 0 0 0 0 0 0 0 0 0 0 0 0 0 0 0 0 0 0 0 
0 0 0 0 0 0 0 0 0 0 0 0 0 0 0 0 0 0 0 0 0 
0 0 0 0 0 0 0 0 0 0 0 0 0 0 0 0 0 0 0 0 0 
0 0 0 0 0 0 0 0 0 0 0 0 0 0 0 0 0 0 0 0 0 
1 1 1 1 1 1 1 1 1 1 1 1 1 0 0 0 0 1 0 0 0 
0 0 0 0 0 0 0 0 0 0 0 0 1 0 0 0 0 1 0 0 0 
0 0 0 0 0 0 0 0 0 0 0 0 1 0 0 0 0 1 0 0 0 
0 0 0 0 0 0 0 0 0 0 0 0 1 0 0 0 0 1 0 0 0 
0 0 0 0 0 0 0 0 0 0 0 0 1 0 0 0 0 1 0 0 0 
XDDDDDDDDDDDDDDDD
Not found
0.000000 767.000000
Incorrect path legth
<end of output>
Test time =   0.60 sec
----------------------------------------------------------
Test Failed.
"Test10" end time: Feb 20 16:16 MSK
"Test10" time elapsed: 00:00:00
----------------------------------------------------------

11/12 Testing: Test11
11/12 Test: Test11
Command: "/home/just-ne-just/PathPlanningProject/Build/Release/Tests/testbench" "../../../TestData/A_test.xml"
Directory: /home/just-ne-just/PathPlanningProject/Build/Release/Tests
"Test11" start time: Feb 20 16:16 MSK
Output:
----------------------------------------------------------
tiny
Warning! Value of 'logpath' tag is missing!
Value of 'logpath' tag was defined to 'current directory'.
Warning! Value of 'logfilename' tag is missing.
Value of 'logfilename' tag was defined to default (original filename +'_log' + original file extension.
0 0 1 0 0 0 0 0 0 0 0 0 1 0 0 0 0 0 0 0 0 
1 1 1 1 1 1 1 1 0 0 0 0 1 1 1 1 1 1 0 0 0 
0 0 0 0 0 0 0 1 0 0 0 0 0 0 0 0 0 1 0 0 0 
0 0 0 0 0 0 0 1 0 0 0 0 0 0 0 0 0 1 0 0 0 
0 0 0 0 0 0 0 1 0 0 0 0 0 0 0 0 0 1 0 0 0 
0 0 0 0 0 0 0 1 0 0 0 0 0 0 0 0 0 1 0 0 0 
1 1 1 0 0 0 0 1 1 1 1 1 1 0 0 0 0 1 0 0 0 
0 0 0 0 0 0 0 0 0 0 0 0 1 0 0 0 0 1 0 0 0 
0 0 0 0 0 0 0 0 0 0 0 0 1 0 0 0 0 1 0 0 0 
0 0 0 0 0 0 0 0 0 0 0 0 1 0 0 0 0 1 0 0 0 
0 0 0 0 0 0 0 0 0 0 5 0 1 0 0 0 0 1 0 0 0 
1 1 1 1 1 1 1 1 1 1 1 1 1 0 0 0 0 1 1 1 1 
0 0 0 0 0 0 0 0 0 0 0 0 0 0 0 0 0 0 0 0 0 
0 0 0 0 0 0 0 0 0 0 0 0 0 0 0 0 0 0 0 0 0 
0 0 0 0 0 0 0 0 0 0 0 0 0 0 0 0 0 0 0 0 0 
0 0 0 0 0 0 0 0 0 0 0 0 0 0 0 0 0 0 0 0 0 
1 1 1 1 1 1 1 1 1 1 1 1 1 0 0 0 0 1 0 0 0 
0 0 0 0 0 0 0 0 0 0 0 0 1 0 0 0 0 1 0 0 0 
0 0 0 0 0 0 0 0 0 0 0 0 1 0 0 0 0 1 0 0 0 
0 0 0 0 0 0 0 0 0 0 0 0 1 0 0 0 0 1 0 0 0 
0 0 0 0 0 0 0 0 0 0 0 0 1 0 0 0 0 1 0 0 0 
XDDDDDDDDDDDDDDDD
Not found
0.000000 767.000000
Incorrect path legth
<end of output>
Test time =   0.73 sec
----------------------------------------------------------
Test Failed.
"Test11" end time: Feb 20 16:16 MSK
"Test11" time elapsed: 00:00:00
----------------------------------------------------------

12/12 Testing: Test12
12/12 Test: Test12
Command: "/home/just-ne-just/PathPlanningProject/Build/Release/Tests/testbench" "../../../TestData/B_test.xml"
Directory: /home/just-ne-just/PathPlanningProject/Build/Release/Tests
"Test12" start time: Feb 20 16:16 MSK
Output:
----------------------------------------------------------
tiny
Warning! Value of 'logpath' tag is missing!
Value of 'logpath' tag was defined to 'current directory'.
Warning! Value of 'logfilename' tag is missing.
Value of 'logfilename' tag was defined to default (original filename +'_log' + original file extension.
0 0 1 0 0 0 0 0 0 0 0 0 1 0 0 0 0 0 0 0 0 
1 1 1 1 1 1 1 1 0 0 0 0 1 1 1 1 1 1 0 0 0 
0 0 0 0 0 0 0 1 0 0 0 0 0 0 0 0 0 1 0 0 0 
0 0 0 0 0 0 0 1 0 0 0 0 0 0 0 0 0 1 0 0 0 
0 0 0 0 0 0 0 1 0 0 0 0 0 0 0 0 0 1 0 0 0 
0 0 0 0 0 0 0 1 0 0 0 0 0 0 0 0 0 1 0 0 0 
1 1 1 0 0 0 0 1 1 1 1 1 1 0 0 0 0 1 0 0 0 
0 0 0 0 0 0 0 0 0 0 0 0 1 0 0 0 0 1 0 0 0 
0 0 0 0 0 0 0 0 0 0 0 0 1 0 0 0 0 1 0 0 0 
0 0 0 0 0 0 0 0 0 0 0 0 1 0 0 0 0 1 0 0 0 
0 0 0 0 0 0 0 0 0 0 5 0 1 0 0 0 0 1 0 0 0 
1 1 1 1 1 1 1 1 1 1 1 1 1 0 0 0 0 1 1 1 1 
0 0 0 0 0 0 0 0 0 0 0 0 0 0 0 0 0 0 0 0 0 
0 0 0 0 0 0 0 0 0 0 0 0 0 0 0 0 0 0 0 0 0 
0 0 0 0 0 0 0 0 0 0 0 0 0 0 0 0 0 0 0 0 0 
0 0 0 0 0 0 0 0 0 0 0 0 0 0 0 0 0 0 0 0 0 
1 1 1 1 1 1 1 1 1 1 1 1 1 0 0 0 0 1 0 0 0 
0 0 0 0 0 0 0 0 0 0 0 0 1 0 0 0 0 1 0 0 0 
0 0 0 0 0 0 0 0 0 0 0 0 1 0 0 0 0 1 0 0 0 
0 0 0 0 0 0 0 0 0 0 0 0 1 0 0 0 0 1 0 0 0 
0 0 0 0 0 0 0 0 0 0 0 0 1 0 0 0 0 1 0 0 0 
XDDDDDDDDDDDDDDDD
Not found
0.000000 767.000000
Incorrect path legth
<end of output>
Test time =   0.55 sec
----------------------------------------------------------
Test Failed.
"Test12" end time: Feb 20 16:16 MSK
"Test12" time elapsed: 00:00:00
----------------------------------------------------------

End testing: Feb 20 16:16 MSK
