Start testing: Dec 28 20:56 MSK
----------------------------------------------------------
1/12 Testing: Test1
1/12 Test: Test1
Command: "/home/just_ne_just/PathPlanningProject/Build/Release/Tests/testbench" "../../../TestData/0_test.xml"
Directory: /home/just_ne_just/PathPlanningProject/Build/Release/Tests
"Test1" start time: Dec 28 20:56 MSK
Output:
----------------------------------------------------------
tiny
Warning! Value of 'logpath' tag is missing!
Value of 'logpath' tag was defined to 'current directory'.
Warning! Value of 'logfilename' tag is missing.
Value of 'logfilename' tag was defined to default (original filename +'_log' + original file extension.
<end of output>
Test time =   0.17 sec
----------------------------------------------------------
Test Passed.
"Test1" end time: Dec 28 20:56 MSK
"Test1" time elapsed: 00:00:00
----------------------------------------------------------

2/12 Testing: Test2
2/12 Test: Test2
Command: "/home/just_ne_just/PathPlanningProject/Build/Release/Tests/testbench" "../../../TestData/1_test.xml"
Directory: /home/just_ne_just/PathPlanningProject/Build/Release/Tests
"Test2" start time: Dec 28 20:56 MSK
Output:
----------------------------------------------------------
tiny
Warning! Value of 'logpath' tag is missing!
Value of 'logpath' tag was defined to 'current directory'.
Warning! Value of 'logfilename' tag is missing.
Value of 'logfilename' tag was defined to default (original filename +'_log' + original file extension.
<end of output>
Test time =   0.13 sec
----------------------------------------------------------
Test Passed.
"Test2" end time: Dec 28 20:56 MSK
"Test2" time elapsed: 00:00:00
----------------------------------------------------------

3/12 Testing: Test3
3/12 Test: Test3
Command: "/home/just_ne_just/PathPlanningProject/Build/Release/Tests/testbench" "../../../TestData/2_test.xml"
Directory: /home/just_ne_just/PathPlanningProject/Build/Release/Tests
"Test3" start time: Dec 28 20:56 MSK
Output:
----------------------------------------------------------
Warning! Value of'metrictype' is not correctly specified.
Value of 'metrictype' was defined to 'euclidean'
tiny
Warning! Value of 'logpath' tag is missing!
Value of 'logpath' tag was defined to 'current directory'.
Warning! Value of 'logfilename' tag is missing.
Value of 'logfilename' tag was defined to default (original filename +'_log' + original file extension.
636.200000 639.298584
Incorrect path legth
<end of output>
Test time =   0.15 sec
----------------------------------------------------------
Test Failed.
"Test3" end time: Dec 28 20:56 MSK
"Test3" time elapsed: 00:00:00
----------------------------------------------------------

4/12 Testing: Test4
4/12 Test: Test4
Command: "/home/just_ne_just/PathPlanningProject/Build/Release/Tests/testbench" "../../../TestData/3_test.xml"
Directory: /home/just_ne_just/PathPlanningProject/Build/Release/Tests
"Test4" start time: Dec 28 20:56 MSK
Output:
----------------------------------------------------------
Warning! Value of'metrictype' is not correctly specified.
Value of 'metrictype' was defined to 'euclidean'
tiny
Warning! Value of 'logpath' tag is missing!
Value of 'logpath' tag was defined to 'current directory'.
Warning! Value of 'logfilename' tag is missing.
Value of 'logfilename' tag was defined to default (original filename +'_log' + original file extension.
636.200000 639.298584
Incorrect path legth
<end of output>
Test time =   0.08 sec
----------------------------------------------------------
Test Failed.
"Test4" end time: Dec 28 20:56 MSK
"Test4" time elapsed: 00:00:00
----------------------------------------------------------

5/12 Testing: Test5
5/12 Test: Test5
Command: "/home/just_ne_just/PathPlanningProject/Build/Release/Tests/testbench" "../../../TestData/4_test.xml"
Directory: /home/just_ne_just/PathPlanningProject/Build/Release/Tests
"Test5" start time: Dec 28 20:56 MSK
Output:
----------------------------------------------------------
Warning! Value of'metrictype' is not correctly specified.
Value of 'metrictype' was defined to 'euclidean'
tiny
Warning! Value of 'logpath' tag is missing!
Value of 'logpath' tag was defined to 'current directory'.
Warning! Value of 'logfilename' tag is missing.
Value of 'logfilename' tag was defined to default (original filename +'_log' + original file extension.
664.400000 666.830505
Incorrect path legth
<end of output>
Test time =   0.15 sec
----------------------------------------------------------
Test Failed.
"Test5" end time: Dec 28 20:56 MSK
"Test5" time elapsed: 00:00:00
----------------------------------------------------------

6/12 Testing: Test6
6/12 Test: Test6
Command: "/home/just_ne_just/PathPlanningProject/Build/Release/Tests/testbench" "../../../TestData/5_test.xml"
Directory: /home/just_ne_just/PathPlanningProject/Build/Release/Tests
"Test6" start time: Dec 28 20:56 MSK
Output:
----------------------------------------------------------
Warning! Value of'metrictype' is not correctly specified.
Value of 'metrictype' was defined to 'euclidean'
tiny
Warning! Value of 'logpath' tag is missing!
Value of 'logpath' tag was defined to 'current directory'.
Warning! Value of 'logfilename' tag is missing.
Value of 'logfilename' tag was defined to default (original filename +'_log' + original file extension.
<end of output>
Test time =   0.08 sec
----------------------------------------------------------
Test Passed.
"Test6" end time: Dec 28 20:56 MSK
"Test6" time elapsed: 00:00:00
----------------------------------------------------------

7/12 Testing: Test7
7/12 Test: Test7
Command: "/home/just_ne_just/PathPlanningProject/Build/Release/Tests/testbench" "../../../TestData/6_test.xml"
Directory: /home/just_ne_just/PathPlanningProject/Build/Release/Tests
"Test7" start time: Dec 28 20:56 MSK
Output:
----------------------------------------------------------
Warning! Value of'metrictype' is not correctly specified.
Value of 'metrictype' was defined to 'euclidean'
tiny
Warning! Value of 'logpath' tag is missing!
Value of 'logpath' tag was defined to 'current directory'.
Warning! Value of 'logfilename' tag is missing.
Value of 'logfilename' tag was defined to default (original filename +'_log' + original file extension.
636.200000 639.298584
Incorrect path legth
<end of output>
Test time =   0.19 sec
----------------------------------------------------------
Test Failed.
"Test7" end time: Dec 28 20:56 MSK
"Test7" time elapsed: 00:00:00
----------------------------------------------------------

8/12 Testing: Test8
8/12 Test: Test8
Command: "/home/just_ne_just/PathPlanningProject/Build/Release/Tests/testbench" "../../../TestData/7_test.xml"
Directory: /home/just_ne_just/PathPlanningProject/Build/Release/Tests
"Test8" start time: Dec 28 20:56 MSK
Output:
----------------------------------------------------------
Warning! Value of'metrictype' is not correctly specified.
Value of 'metrictype' was defined to 'euclidean'
tiny
Warning! Value of 'logpath' tag is missing!
Value of 'logpath' tag was defined to 'current directory'.
Warning! Value of 'logfilename' tag is missing.
Value of 'logfilename' tag was defined to default (original filename +'_log' + original file extension.
636.200000 639.298584
Incorrect path legth
<end of output>
Test time =   0.15 sec
----------------------------------------------------------
Test Failed.
"Test8" end time: Dec 28 20:56 MSK
"Test8" time elapsed: 00:00:00
----------------------------------------------------------

9/12 Testing: Test9
9/12 Test: Test9
Command: "/home/just_ne_just/PathPlanningProject/Build/Release/Tests/testbench" "../../../TestData/8_test.xml"
Directory: /home/just_ne_just/PathPlanningProject/Build/Release/Tests
"Test9" start time: Dec 28 20:56 MSK
Output:
----------------------------------------------------------
Warning! Value of'metrictype' is not correctly specified.
Value of 'metrictype' was defined to 'euclidean'
tiny
Warning! Value of 'logpath' tag is missing!
Value of 'logpath' tag was defined to 'current directory'.
Warning! Value of 'logfilename' tag is missing.
Value of 'logfilename' tag was defined to default (original filename +'_log' + original file extension.
664.400000 666.830505
Incorrect path legth
<end of output>
Test time =   0.14 sec
----------------------------------------------------------
Test Failed.
"Test9" end time: Dec 28 20:56 MSK
"Test9" time elapsed: 00:00:00
----------------------------------------------------------

10/12 Testing: Test10
10/12 Test: Test10
Command: "/home/just_ne_just/PathPlanningProject/Build/Release/Tests/testbench" "../../../TestData/9_test.xml"
Directory: /home/just_ne_just/PathPlanningProject/Build/Release/Tests
"Test10" start time: Dec 28 20:56 MSK
Output:
----------------------------------------------------------
Warning! Value of'metrictype' is not correctly specified.
Value of 'metrictype' was defined to 'euclidean'
tiny
Warning! Value of 'logpath' tag is missing!
Value of 'logpath' tag was defined to 'current directory'.
Warning! Value of 'logfilename' tag is missing.
Value of 'logfilename' tag was defined to default (original filename +'_log' + original file extension.
<end of output>
Test time =   0.13 sec
----------------------------------------------------------
Test Passed.
"Test10" end time: Dec 28 20:56 MSK
"Test10" time elapsed: 00:00:00
----------------------------------------------------------

11/12 Testing: Test11
11/12 Test: Test11
Command: "/home/just_ne_just/PathPlanningProject/Build/Release/Tests/testbench" "../../../TestData/A_test.xml"
Directory: /home/just_ne_just/PathPlanningProject/Build/Release/Tests
"Test11" start time: Dec 28 20:56 MSK
Output:
----------------------------------------------------------
tiny
Warning! Value of 'logpath' tag is missing!
Value of 'logpath' tag was defined to 'current directory'.
Warning! Value of 'logfilename' tag is missing.
Value of 'logfilename' tag was defined to default (original filename +'_log' + original file extension.
<end of output>
Test time =   0.08 sec
----------------------------------------------------------
Test Passed.
"Test11" end time: Dec 28 20:56 MSK
"Test11" time elapsed: 00:00:00
----------------------------------------------------------

12/12 Testing: Test12
12/12 Test: Test12
Command: "/home/just_ne_just/PathPlanningProject/Build/Release/Tests/testbench" "../../../TestData/B_test.xml"
Directory: /home/just_ne_just/PathPlanningProject/Build/Release/Tests
"Test12" start time: Dec 28 20:56 MSK
Output:
----------------------------------------------------------
tiny
Warning! Value of 'logpath' tag is missing!
Value of 'logpath' tag was defined to 'current directory'.
Warning! Value of 'logfilename' tag is missing.
Value of 'logfilename' tag was defined to default (original filename +'_log' + original file extension.
<end of output>
Test time =   0.09 sec
----------------------------------------------------------
Test Passed.
"Test12" end time: Dec 28 20:56 MSK
"Test12" time elapsed: 00:00:00
----------------------------------------------------------

End testing: Dec 28 20:56 MSK
